This is pdfTeX, Version 3.14159265-2.6-1.40.20 (TeX Live 2019/Arch Linux) (preloaded format=pdflatex 2020.2.25)  27 FEB 2020 19:31
entering extended mode
 restricted \write18 enabled.
 file:line:error style messages enabled.
 %&-line parsing enabled.
**EngineeringJournal_CDavis.tex
(./EngineeringJournal_CDavis.tex
LaTeX2e <2019-10-01> patch level 1
(/usr/share/texmf-dist/tex/latex/base/report.cls
Document Class: report 2019/08/27 v1.4j Standard LaTeX document class
(/usr/share/texmf-dist/tex/latex/base/size10.clo
File: size10.clo 2019/08/27 v1.4j Standard LaTeX file (size option)
)
\c@part=\count80
\c@chapter=\count81
\c@section=\count82
\c@subsection=\count83
\c@subsubsection=\count84
\c@paragraph=\count85
\c@subparagraph=\count86
\c@figure=\count87
\c@table=\count88
\abovecaptionskip=\skip41
\belowcaptionskip=\skip42
\bibindent=\dimen102
) (/usr/share/texmf-dist/tex/latex/subfiles/subfiles.sty
Package: subfiles 2019/10/25 v1.4 Multi-file projects (package)
 (/usr/share/texmf-dist/tex/latex/import/import.sty
Package: import 2009/03/23  v 5.1
)) (/usr/share/texmf-dist/tex/latex/graphics/graphicx.sty
Package: graphicx 2017/06/01 v1.1a Enhanced LaTeX Graphics (DPC,SPQR)
 (/usr/share/texmf-dist/tex/latex/graphics/keyval.sty
Package: keyval 2014/10/28 v1.15 key=value parser (DPC)
\KV@toks@=\toks14
) (/usr/share/texmf-dist/tex/latex/graphics/graphics.sty
Package: graphics 2019/10/08 v1.3c Standard LaTeX Graphics (DPC,SPQR)
 (/usr/share/texmf-dist/tex/latex/graphics/trig.sty
Package: trig 2016/01/03 v1.10 sin cos tan (DPC)
) (/usr/share/texmf-dist/tex/latex/graphics-cfg/graphics.cfg
File: graphics.cfg 2016/06/04 v1.11 sample graphics configuration
)
Package graphics Info: Driver file: pdftex.def on input line 105.
 (/usr/share/texmf-dist/tex/latex/graphics-def/pdftex.def
File: pdftex.def 2018/01/08 v1.0l Graphics/color driver for pdftex
))
\Gin@req@height=\dimen103
\Gin@req@width=\dimen104
) (/usr/share/texmf-dist/tex/latex/listings/listings.sty
\lst@mode=\count89
\lst@gtempboxa=\box27
\lst@token=\toks15
\lst@length=\count90
\lst@currlwidth=\dimen105
\lst@column=\count91
\lst@pos=\count92
\lst@lostspace=\dimen106
\lst@width=\dimen107
\lst@newlines=\count93
\lst@lineno=\count94
\lst@maxwidth=\dimen108
 (/usr/share/texmf-dist/tex/latex/listings/lstmisc.sty
File: lstmisc.sty 2019/09/10 1.8c (Carsten Heinz)
\c@lstnumber=\count95
\lst@skipnumbers=\count96
\lst@framebox=\box28
) (/usr/share/texmf-dist/tex/latex/listings/listings.cfg
File: listings.cfg 2019/09/10 1.8c listings configuration
))
Package: listings 2019/09/10 1.8c (Carsten Heinz)
 (/usr/share/texmf-dist/tex/latex/url/url.sty
\Urlmuskip=\muskip10
Package: url 2013/09/16  ver 3.4  Verb mode for urls, etc.
) (/usr/share/texmf-dist/tex/latex/graphics/color.sty
Package: color 2016/07/10 v1.1e Standard LaTeX Color (DPC)
 (/usr/share/texmf-dist/tex/latex/graphics-cfg/color.cfg
File: color.cfg 2016/01/02 v1.6 sample color configuration
)
Package color Info: Driver file: pdftex.def on input line 147.
) (/usr/share/texmf-dist/tex/latex/caption/caption.sty
Package: caption 2019/09/01 v3.3d Customizing captions (AR)
 (/usr/share/texmf-dist/tex/latex/caption/caption3.sty
Package: caption3 2019/09/01 v1.8d caption3 kernel (AR)
Package caption3 Info: TeX engine: e-TeX on input line 64.
\captionmargin=\dimen109
\captionmargin@=\dimen110
\captionwidth=\dimen111
\caption@tempdima=\dimen112
\caption@indent=\dimen113
\caption@parindent=\dimen114
\caption@hangindent=\dimen115
)
\c@caption@flags=\count97
\c@ContinuedFloat=\count98
Package caption Info: listings package is loaded.
) (/usr/share/texmf-dist/tex/latex/caption/subcaption.sty
Package: subcaption 2019/09/01 v1.3a Sub-captions (AR)
\c@subfigure=\count99
\c@subtable=\count100
) (/usr/share/texmf-dist/tex/latex/wrapfig/wrapfig.sty
\wrapoverhang=\dimen116
\WF@size=\dimen117
\c@WF@wrappedlines=\count101
\WF@box=\box29
\WF@everypar=\toks16
Package: wrapfig 2003/01/31  v 3.6
) (/usr/share/texmf-dist/tex/latex/blindtext/blindtext.sty
Package: blindtext 2012/01/06 V2.0 blindtext-Package
 (/usr/share/texmf-dist/tex/latex/tools/xspace.sty
Package: xspace 2014/10/28 v1.13 Space after command names (DPC,MH)
)
\c@blindtext=\count102
\c@Blindtext=\count103
\c@blind@countparstart=\count104
\blind@countxx=\count105
\blindtext@numBlindtext=\count106
\blind@countyy=\count107
\c@blindlist=\count108
\c@blindlistlevel=\count109
\c@blindlist@level=\count110
\blind@listitem=\count111
\c@blind@listcount=\count112
\c@blind@levelcount=\count113
\blind@mathformula=\count114
\blind@Mathformula=\count115
\c@blind@randomcount=\count116
\c@blind@randommax=\count117
\c@blind@pangramcount=\count118
\c@blind@pangrammax=\count119
) (/usr/share/texmf-dist/tex/latex/preprint/fullpage.sty
Package: fullpage 1999/02/23 1.1 (PWD)
\FP@margin=\skip43
) (/usr/share/texmf-dist/tex/latex/mdwtools/footnote.sty
Package: footnote 1997/01/28 1.13 Save footnotes around boxes
\fn@notes=\box30
\fn@width=\dimen118
) (/usr/share/texmf-dist/tex/latex/fancyhdr/fancyhdr.sty
Package: fancyhdr 2019/01/31 v3.10 Extensive control of page headers and footers
\f@nch@headwidth=\skip44
\f@nch@O@elh=\skip45
\f@nch@O@erh=\skip46
\f@nch@O@olh=\skip47
\f@nch@O@orh=\skip48
\f@nch@O@elf=\skip49
\f@nch@O@erf=\skip50
\f@nch@O@olf=\skip51
\f@nch@O@orf=\skip52
) (/usr/share/texmf-dist/tex/latex/pdfpages/pdfpages.sty
Package: pdfpages 2019/09/21 v0.5n Insert pages of external PDF documents (AM)
 (/usr/share/texmf-dist/tex/latex/base/ifthen.sty
Package: ifthen 2014/09/29 v1.1c Standard LaTeX ifthen package (DPC)
) (/usr/share/texmf-dist/tex/latex/tools/calc.sty
Package: calc 2017/05/25 v4.3 Infix arithmetic (KKT,FJ)
\calc@Acount=\count120
\calc@Bcount=\count121
\calc@Adimen=\dimen119
\calc@Bdimen=\dimen120
\calc@Askip=\skip53
\calc@Bskip=\skip54
LaTeX Info: Redefining \setlength on input line 80.
LaTeX Info: Redefining \addtolength on input line 81.
\calc@Ccount=\count122
\calc@Cskip=\skip55
) (/usr/share/texmf-dist/tex/latex/eso-pic/eso-pic.sty
Package: eso-pic 2018/04/12 v2.0h eso-pic (RN)
 (/usr/share/texmf-dist/tex/generic/oberdiek/atbegshi.sty
Package: atbegshi 2016/06/09 v1.18 At begin shipout hook (HO)
 (/usr/share/texmf-dist/tex/generic/oberdiek/infwarerr.sty
Package: infwarerr 2016/05/16 v1.4 Providing info/warning/error messages (HO)
) (/usr/share/texmf-dist/tex/generic/oberdiek/ltxcmds.sty
Package: ltxcmds 2016/05/16 v1.23 LaTeX kernel commands for general use (HO)
) (/usr/share/texmf-dist/tex/generic/oberdiek/ifpdf.sty
Package: ifpdf 2018/09/07 v3.3 Provides the ifpdf switch
)))
\AM@pagewidth=\dimen121
\AM@pageheight=\dimen122
 (/usr/share/texmf-dist/tex/latex/pdfpages/pppdftex.def
File: pppdftex.def 2019/09/21 v0.5n Pdfpages driver for pdfTeX (AM)
)
\AM@pagebox=\box31
\AM@global@opts=\toks17
\AM@toc@title=\toks18
\c@AM@survey=\count123
\AM@templatesizebox=\box32
) (/usr/share/texmf-dist/tex/latex/tools/longtable.sty
Package: longtable 2019/02/06 v4.12 Multi-page Table package (DPC)
\LTleft=\skip56
\LTright=\skip57
\LTpre=\skip58
\LTpost=\skip59
\LTchunksize=\count124
\LTcapwidth=\dimen123
\LT@head=\box33
\LT@firsthead=\box34
\LT@foot=\box35
\LT@lastfoot=\box36
\LT@cols=\count125
\LT@rows=\count126
\c@LT@tables=\count127
\c@LT@chunks=\count128
\LT@p@ftn=\toks19
) (/usr/share/texmf-dist/tex/latex/tcolorbox/tcolorbox.sty
Package: tcolorbox 2019/09/19 version 4.21 text color boxes
 (/usr/share/texmf-dist/tex/latex/pgf/basiclayer/pgf.sty
(/usr/share/texmf-dist/tex/latex/pgf/utilities/pgfrcs.sty (/usr/share/texmf-dist/tex/generic/pgf/utilities/pgfutil-common.tex
\pgfutil@everybye=\toks20
\pgfutil@tempdima=\dimen124
\pgfutil@tempdimb=\dimen125
 (/usr/share/texmf-dist/tex/generic/pgf/utilities/pgfutil-common-lists.tex)) (/usr/share/texmf-dist/tex/generic/pgf/utilities/pgfutil-latex.def
\pgfutil@abb=\box37
 (/usr/share/texmf-dist/tex/latex/ms/everyshi.sty
Package: everyshi 2001/05/15 v3.00 EveryShipout Package (MS)
)) (/usr/share/texmf-dist/tex/generic/pgf/utilities/pgfrcs.code.tex (/usr/share/texmf-dist/tex/generic/pgf/pgf.revision.tex)
Package: pgfrcs 2019/08/03 v3.1.4b (3.1.4b)
))
Package: pgf 2019/08/03 v3.1.4b (3.1.4b)
 (/usr/share/texmf-dist/tex/latex/pgf/basiclayer/pgfcore.sty (/usr/share/texmf-dist/tex/latex/pgf/systemlayer/pgfsys.sty (/usr/share/texmf-dist/tex/generic/pgf/systemlayer/pgfsys.code.tex
Package: pgfsys 2019/08/03 v3.1.4b (3.1.4b)
 (/usr/share/texmf-dist/tex/generic/pgf/utilities/pgfkeys.code.tex
\pgfkeys@pathtoks=\toks21
\pgfkeys@temptoks=\toks22
 (/usr/share/texmf-dist/tex/generic/pgf/utilities/pgfkeysfiltered.code.tex
\pgfkeys@tmptoks=\toks23
))
\pgf@x=\dimen126
\pgf@y=\dimen127
\pgf@xa=\dimen128
\pgf@ya=\dimen129
\pgf@xb=\dimen130
\pgf@yb=\dimen131
\pgf@xc=\dimen132
\pgf@yc=\dimen133
\pgf@xd=\dimen134
\pgf@yd=\dimen135
\w@pgf@writea=\write3
\r@pgf@reada=\read1
\c@pgf@counta=\count129
\c@pgf@countb=\count130
\c@pgf@countc=\count131
\c@pgf@countd=\count132
\t@pgf@toka=\toks24
\t@pgf@tokb=\toks25
\t@pgf@tokc=\toks26
\pgf@sys@id@count=\count133
 (/usr/share/texmf-dist/tex/generic/pgf/systemlayer/pgf.cfg
File: pgf.cfg 2019/08/03 v3.1.4b (3.1.4b)
)
Driver file for pgf: pgfsys-pdftex.def
 (/usr/share/texmf-dist/tex/generic/pgf/systemlayer/pgfsys-pdftex.def
File: pgfsys-pdftex.def 2019/08/03 v3.1.4b (3.1.4b)
 (/usr/share/texmf-dist/tex/generic/pgf/systemlayer/pgfsys-common-pdf.def
File: pgfsys-common-pdf.def 2019/08/03 v3.1.4b (3.1.4b)
))) (/usr/share/texmf-dist/tex/generic/pgf/systemlayer/pgfsyssoftpath.code.tex
File: pgfsyssoftpath.code.tex 2019/08/03 v3.1.4b (3.1.4b)
\pgfsyssoftpath@smallbuffer@items=\count134
\pgfsyssoftpath@bigbuffer@items=\count135
) (/usr/share/texmf-dist/tex/generic/pgf/systemlayer/pgfsysprotocol.code.tex
File: pgfsysprotocol.code.tex 2019/08/03 v3.1.4b (3.1.4b)
)) (/usr/share/texmf-dist/tex/latex/xcolor/xcolor.sty
Package: xcolor 2016/05/11 v2.12 LaTeX color extensions (UK)
 (/usr/share/texmf-dist/tex/latex/graphics-cfg/color.cfg
File: color.cfg 2016/01/02 v1.6 sample color configuration
)
Package xcolor Info: Driver file: pdftex.def on input line 225.
LaTeX Info: Redefining \color on input line 709.
Package xcolor Info: Model `cmy' substituted by `cmy0' on input line 1348.
Package xcolor Info: Model `hsb' substituted by `rgb' on input line 1352.
Package xcolor Info: Model `RGB' extended on input line 1364.
Package xcolor Info: Model `HTML' substituted by `rgb' on input line 1366.
Package xcolor Info: Model `Hsb' substituted by `hsb' on input line 1367.
Package xcolor Info: Model `tHsb' substituted by `hsb' on input line 1368.
Package xcolor Info: Model `HSB' substituted by `hsb' on input line 1369.
Package xcolor Info: Model `Gray' substituted by `gray' on input line 1370.
Package xcolor Info: Model `wave' substituted by `hsb' on input line 1371.
) (/usr/share/texmf-dist/tex/generic/pgf/basiclayer/pgfcore.code.tex
Package: pgfcore 2019/08/03 v3.1.4b (3.1.4b)
 (/usr/share/texmf-dist/tex/generic/pgf/math/pgfmath.code.tex (/usr/share/texmf-dist/tex/generic/pgf/math/pgfmathcalc.code.tex (/usr/share/texmf-dist/tex/generic/pgf/math/pgfmathutil.code.tex) (/usr/share/texmf-dist/tex/generic/pgf/math/pgfmathparser.code.tex
\pgfmath@dimen=\dimen136
\pgfmath@count=\count136
\pgfmath@box=\box38
\pgfmath@toks=\toks27
\pgfmath@stack@operand=\toks28
\pgfmath@stack@operation=\toks29
) (/usr/share/texmf-dist/tex/generic/pgf/math/pgfmathfunctions.code.tex (/usr/share/texmf-dist/tex/generic/pgf/math/pgfmathfunctions.basic.code.tex) (/usr/share/texmf-dist/tex/generic/pgf/math/pgfmathfunctions.trigonometric.code.tex) (/usr/share/texmf-dist/tex/generic/pgf/math/pgfmathfunctions.random.code.tex) (/usr/share/texmf-dist/tex/generic/pgf/math/pgfmathfunctions.comparison.code.tex)
(/usr/share/texmf-dist/tex/generic/pgf/math/pgfmathfunctions.base.code.tex) (/usr/share/texmf-dist/tex/generic/pgf/math/pgfmathfunctions.round.code.tex) (/usr/share/texmf-dist/tex/generic/pgf/math/pgfmathfunctions.misc.code.tex) (/usr/share/texmf-dist/tex/generic/pgf/math/pgfmathfunctions.integerarithmetics.code.tex))) (/usr/share/texmf-dist/tex/generic/pgf/math/pgfmathfloat.code.tex
\c@pgfmathroundto@lastzeros=\count137
)) (/usr/share/texmf-dist/tex/generic/pgf/math/pgfint.code.tex) (/usr/share/texmf-dist/tex/generic/pgf/basiclayer/pgfcorepoints.code.tex
File: pgfcorepoints.code.tex 2019/08/03 v3.1.4b (3.1.4b)
\pgf@picminx=\dimen137
\pgf@picmaxx=\dimen138
\pgf@picminy=\dimen139
\pgf@picmaxy=\dimen140
\pgf@pathminx=\dimen141
\pgf@pathmaxx=\dimen142
\pgf@pathminy=\dimen143
\pgf@pathmaxy=\dimen144
\pgf@xx=\dimen145
\pgf@xy=\dimen146
\pgf@yx=\dimen147
\pgf@yy=\dimen148
\pgf@zx=\dimen149
\pgf@zy=\dimen150
) (/usr/share/texmf-dist/tex/generic/pgf/basiclayer/pgfcorepathconstruct.code.tex
File: pgfcorepathconstruct.code.tex 2019/08/03 v3.1.4b (3.1.4b)
\pgf@path@lastx=\dimen151
\pgf@path@lasty=\dimen152
) (/usr/share/texmf-dist/tex/generic/pgf/basiclayer/pgfcorepathusage.code.tex
File: pgfcorepathusage.code.tex 2019/08/03 v3.1.4b (3.1.4b)
\pgf@shorten@end@additional=\dimen153
\pgf@shorten@start@additional=\dimen154
) (/usr/share/texmf-dist/tex/generic/pgf/basiclayer/pgfcorescopes.code.tex
File: pgfcorescopes.code.tex 2019/08/03 v3.1.4b (3.1.4b)
\pgfpic=\box39
\pgf@hbox=\box40
\pgf@layerbox@main=\box41
\pgf@picture@serial@count=\count138
) (/usr/share/texmf-dist/tex/generic/pgf/basiclayer/pgfcoregraphicstate.code.tex
File: pgfcoregraphicstate.code.tex 2019/08/03 v3.1.4b (3.1.4b)
\pgflinewidth=\dimen155
) (/usr/share/texmf-dist/tex/generic/pgf/basiclayer/pgfcoretransformations.code.tex
File: pgfcoretransformations.code.tex 2019/08/03 v3.1.4b (3.1.4b)
\pgf@pt@x=\dimen156
\pgf@pt@y=\dimen157
\pgf@pt@temp=\dimen158
) (/usr/share/texmf-dist/tex/generic/pgf/basiclayer/pgfcorequick.code.tex
File: pgfcorequick.code.tex 2019/08/03 v3.1.4b (3.1.4b)
) (/usr/share/texmf-dist/tex/generic/pgf/basiclayer/pgfcoreobjects.code.tex
File: pgfcoreobjects.code.tex 2019/08/03 v3.1.4b (3.1.4b)
) (/usr/share/texmf-dist/tex/generic/pgf/basiclayer/pgfcorepathprocessing.code.tex
File: pgfcorepathprocessing.code.tex 2019/08/03 v3.1.4b (3.1.4b)
) (/usr/share/texmf-dist/tex/generic/pgf/basiclayer/pgfcorearrows.code.tex
File: pgfcorearrows.code.tex 2019/08/03 v3.1.4b (3.1.4b)
\pgfarrowsep=\dimen159
) (/usr/share/texmf-dist/tex/generic/pgf/basiclayer/pgfcoreshade.code.tex
File: pgfcoreshade.code.tex 2019/08/03 v3.1.4b (3.1.4b)
\pgf@max=\dimen160
\pgf@sys@shading@range@num=\count139
\pgf@shadingcount=\count140
) (/usr/share/texmf-dist/tex/generic/pgf/basiclayer/pgfcoreimage.code.tex
File: pgfcoreimage.code.tex 2019/08/03 v3.1.4b (3.1.4b)
 (/usr/share/texmf-dist/tex/generic/pgf/basiclayer/pgfcoreexternal.code.tex
File: pgfcoreexternal.code.tex 2019/08/03 v3.1.4b (3.1.4b)
\pgfexternal@startupbox=\box42
)) (/usr/share/texmf-dist/tex/generic/pgf/basiclayer/pgfcorelayers.code.tex
File: pgfcorelayers.code.tex 2019/08/03 v3.1.4b (3.1.4b)
) (/usr/share/texmf-dist/tex/generic/pgf/basiclayer/pgfcoretransparency.code.tex
File: pgfcoretransparency.code.tex 2019/08/03 v3.1.4b (3.1.4b)
) (/usr/share/texmf-dist/tex/generic/pgf/basiclayer/pgfcorepatterns.code.tex
File: pgfcorepatterns.code.tex 2019/08/03 v3.1.4b (3.1.4b)
) (/usr/share/texmf-dist/tex/generic/pgf/basiclayer/pgfcorerdf.code.tex
File: pgfcorerdf.code.tex 2019/08/03 v3.1.4b (3.1.4b)
))) (/usr/share/texmf-dist/tex/generic/pgf/modules/pgfmoduleshapes.code.tex
File: pgfmoduleshapes.code.tex 2019/08/03 v3.1.4b (3.1.4b)
\pgfnodeparttextbox=\box43
) (/usr/share/texmf-dist/tex/generic/pgf/modules/pgfmoduleplot.code.tex
File: pgfmoduleplot.code.tex 2019/08/03 v3.1.4b (3.1.4b)
) (/usr/share/texmf-dist/tex/latex/pgf/compatibility/pgfcomp-version-0-65.sty
Package: pgfcomp-version-0-65 2019/08/03 v3.1.4b (3.1.4b)
\pgf@nodesepstart=\dimen161
\pgf@nodesepend=\dimen162
)
(/usr/share/texmf-dist/tex/latex/pgf/compatibility/pgfcomp-version-1-18.sty
Package: pgfcomp-version-1-18 2019/08/03 v3.1.4b (3.1.4b)
)) (/usr/share/texmf-dist/tex/latex/tools/verbatim.sty
Package: verbatim 2014/10/28 v1.5q LaTeX2e package for verbatim enhancements
\every@verbatim=\toks30
\verbatim@line=\toks31
\verbatim@in@stream=\read2
) (/usr/share/texmf-dist/tex/latex/environ/environ.sty
Package: environ 2014/05/04 v0.3 A new way to define environments
 (/usr/share/texmf-dist/tex/latex/trimspaces/trimspaces.sty
Package: trimspaces 2009/09/17 v1.1 Trim spaces around a token list
)
\@envbody=\toks32
) (/usr/share/texmf-dist/tex/latex/etoolbox/etoolbox.sty
Package: etoolbox 2019/09/21 v2.5h e-TeX tools for LaTeX (JAW)
\etb@tempcnta=\count141
)
\tcb@titlebox=\box44
\tcb@upperbox=\box45
\tcb@lowerbox=\box46
\tcb@phantombox=\box47
\c@tcbbreakpart=\count142
\c@tcblayer=\count143
\tcolorbox@number=\count144
\tcb@temp=\box48
\tcb@temp=\box49
\tcb@temp=\box50
\tcb@temp=\box51
\tcb@out=\write4
\tcb@record@out=\write5
) (/usr/share/texmf-dist/tex/latex/boxedminipage/boxedminipage.sty) (/usr/share/texmf-dist/tex/latex/tools/multicol.sty
Package: multicol 2019/03/01 v1.8w multicolumn formatting (FMi)
\c@tracingmulticols=\count145
\mult@box=\box52
\multicol@leftmargin=\dimen163
\c@unbalance=\count146
\c@collectmore=\count147
\doublecol@number=\count148
\multicoltolerance=\count149
\multicolpretolerance=\count150
\full@width=\dimen164
\page@free=\dimen165
\premulticols=\dimen166
\postmulticols=\dimen167
\multicolsep=\skip60
\multicolbaselineskip=\skip61
\partial@page=\box53
\last@line=\box54
\maxbalancingoverflow=\dimen168
\mult@rightbox=\box55
\mult@grightbox=\box56
\mult@gfirstbox=\box57
\mult@firstbox=\box58
\@tempa=\box59
\@tempa=\box60
\@tempa=\box61
\@tempa=\box62
\@tempa=\box63
\@tempa=\box64
\@tempa=\box65
\@tempa=\box66
\@tempa=\box67
\@tempa=\box68
\@tempa=\box69
\@tempa=\box70
\@tempa=\box71
\@tempa=\box72
\@tempa=\box73
\@tempa=\box74
\@tempa=\box75
\c@minrows=\count151
\c@columnbadness=\count152
\c@finalcolumnbadness=\count153
\last@try=\dimen169
\multicolovershoot=\dimen170
\multicolundershoot=\dimen171
\mult@nat@firstbox=\box76
\colbreak@box=\box77
\mc@col@check@num=\count154
) (/usr/share/texmf-dist/tex/latex/mdframed/mdframed.sty
Package: mdframed 2013/07/01 1.9b: mdframed
 (/usr/share/texmf-dist/tex/latex/oberdiek/kvoptions.sty
Package: kvoptions 2016/05/16 v3.12 Key value format for package options (HO)
 (/usr/share/texmf-dist/tex/generic/oberdiek/kvsetkeys.sty
Package: kvsetkeys 2016/05/16 v1.17 Key value parser (HO)
 (/usr/share/texmf-dist/tex/generic/oberdiek/etexcmds.sty
Package: etexcmds 2016/05/16 v1.6 Avoid name clashes with e-TeX commands (HO)
 (/usr/share/texmf-dist/tex/generic/oberdiek/ifluatex.sty
Package: ifluatex 2016/05/16 v1.4 Provides the ifluatex switch (HO)
Package ifluatex Info: LuaTeX not detected.
)))) (/usr/share/texmf-dist/tex/latex/l3packages/xparse/xparse.sty (/usr/share/texmf-dist/tex/latex/l3kernel/expl3.sty
Package: expl3 2019-10-28 L3 programming layer (loader) 
 (/usr/share/texmf-dist/tex/latex/l3kernel/expl3-code.tex
Package: expl3 2019-10-28 L3 programming layer (code)
\c_max_int=\count155
\l_tmpa_int=\count156
\l_tmpb_int=\count157
\g_tmpa_int=\count158
\g_tmpb_int=\count159
\l__seq_internal_a_int=\count160
\l__seq_internal_b_int=\count161
\g__kernel_prg_map_int=\count162
\c__ior_term_noprompt_ior=\count163
\c_log_iow=\count164
\l_iow_line_count_int=\count165
\l__iow_line_target_int=\count166
\l__iow_one_indent_int=\count167
\l__iow_indent_int=\count168
\c_zero_dim=\dimen172
\c_max_dim=\dimen173
\l_tmpa_dim=\dimen174
\l_tmpb_dim=\dimen175
\g_tmpa_dim=\dimen176
\g_tmpb_dim=\dimen177
\c_zero_skip=\skip62
\c_max_skip=\skip63
\l_tmpa_skip=\skip64
\l_tmpb_skip=\skip65
\g_tmpa_skip=\skip66
\g_tmpb_skip=\skip67
\c_zero_muskip=\muskip11
\c_max_muskip=\muskip12
\l_tmpa_muskip=\muskip13
\l_tmpb_muskip=\muskip14
\g_tmpa_muskip=\muskip15
\g_tmpb_muskip=\muskip16
\l_keys_choice_int=\count169
\l__intarray_loop_int=\count170
\c__intarray_sp_dim=\dimen178
\g__intarray_font_int=\count171
\c__fp_leading_shift_int=\count172
\c__fp_middle_shift_int=\count173
\c__fp_trailing_shift_int=\count174
\c__fp_big_leading_shift_int=\count175
\c__fp_big_middle_shift_int=\count176
\c__fp_big_trailing_shift_int=\count177
\c__fp_Bigg_leading_shift_int=\count178
\c__fp_Bigg_middle_shift_int=\count179
\c__fp_Bigg_trailing_shift_int=\count180
\c__kernel_randint_max_int=\count181
\g__fp_array_int=\count182
\l__fp_array_loop_int=\count183
\l__sort_length_int=\count184
\l__sort_min_int=\count185
\l__sort_top_int=\count186
\l__sort_max_int=\count187
\l__sort_true_max_int=\count188
\l__sort_block_int=\count189
\l__sort_begin_int=\count190
\l__sort_end_int=\count191
\l__sort_A_int=\count192
\l__sort_B_int=\count193
\l__sort_C_int=\count194
\l__str_internal_int=\count195
\c__str_replacement_char_int=\count196
\l__tl_analysis_normal_int=\count197
\l__tl_analysis_index_int=\count198
\l__tl_analysis_nesting_int=\count199
\l__tl_analysis_type_int=\count266
\l__regex_internal_a_int=\count267
\l__regex_internal_b_int=\count268
\l__regex_internal_c_int=\count269
\l__regex_balance_int=\count270
\l__regex_group_level_int=\count271
\l__regex_mode_int=\count272
\c__regex_cs_in_class_mode_int=\count273
\c__regex_cs_mode_int=\count274
\l__regex_catcodes_int=\count275
\l__regex_default_catcodes_int=\count276
\c__regex_catcode_D_int=\count277
\c__regex_catcode_S_int=\count278
\c__regex_catcode_L_int=\count279
\c__regex_catcode_O_int=\count280
\c__regex_catcode_A_int=\count281
\c__regex_all_catcodes_int=\count282
\l__regex_show_lines_int=\count283
\l__regex_min_state_int=\count284
\l__regex_max_state_int=\count285
\l__regex_left_state_int=\count286
\l__regex_right_state_int=\count287
\l__regex_capturing_group_int=\count288
\l__regex_min_pos_int=\count289
\l__regex_max_pos_int=\count290
\l__regex_curr_pos_int=\count291
\l__regex_start_pos_int=\count292
\l__regex_success_pos_int=\count293
\l__regex_curr_char_int=\count294
\l__regex_curr_catcode_int=\count295
\l__regex_last_char_int=\count296
\l__regex_case_changed_char_int=\count297
\l__regex_curr_state_int=\count298
\l__regex_step_int=\count299
\l__regex_min_active_int=\count300
\l__regex_max_active_int=\count301
\l__regex_replacement_csnames_int=\count302
\l__regex_match_count_int=\count303
\l__regex_min_submatch_int=\count304
\l__regex_submatch_int=\count305
\l__regex_zeroth_submatch_int=\count306
\g__regex_trace_regex_int=\count307
\c_empty_box=\box78
\l_tmpa_box=\box79
\l_tmpb_box=\box80
\g_tmpa_box=\box81
\g_tmpb_box=\box82
\l__box_top_dim=\dimen179
\l__box_bottom_dim=\dimen180
\l__box_left_dim=\dimen181
\l__box_right_dim=\dimen182
\l__box_top_new_dim=\dimen183
\l__box_bottom_new_dim=\dimen184
\l__box_left_new_dim=\dimen185
\l__box_right_new_dim=\dimen186
\l__box_internal_box=\box83
\l__coffin_internal_box=\box84
\l__coffin_internal_dim=\dimen187
\l__coffin_offset_x_dim=\dimen188
\l__coffin_offset_y_dim=\dimen189
\l__coffin_x_dim=\dimen190
\l__coffin_y_dim=\dimen191
\l__coffin_x_prime_dim=\dimen192
\l__coffin_y_prime_dim=\dimen193
\c_empty_coffin=\box85
\l__coffin_aligned_coffin=\box86
\l__coffin_aligned_internal_coffin=\box87
\l_tmpa_coffin=\box88
\l_tmpb_coffin=\box89
\g_tmpa_coffin=\box90
\g_tmpb_coffin=\box91
\l__coffin_bounding_shift_dim=\dimen194
\l__coffin_left_corner_dim=\dimen195
\l__coffin_right_corner_dim=\dimen196
\l__coffin_bottom_corner_dim=\dimen197
\l__coffin_top_corner_dim=\dimen198
\l__coffin_scaled_total_height_dim=\dimen199
\l__coffin_scaled_width_dim=\dimen256
\c__coffin_empty_coffin=\box92
\l__coffin_display_coffin=\box93
\l__coffin_display_coord_coffin=\box94
\l__coffin_display_pole_coffin=\box95
\l__coffin_display_offset_dim=\dimen257
\l__coffin_display_x_dim=\dimen258
\l__coffin_display_y_dim=\dimen259
\g__char_data_ior=\read3
 (/usr/share/texmf-dist/tex/latex/l3kernel/l3deprecation.def
File: l3deprecation.def 2019-04-06 v L3 Deprecated functions
)) (/usr/share/texmf-dist/tex/latex/l3backend/l3backend-pdfmode.def
File: l3backend-pdfmode.def 2019-04-06 L3 backend support: PDF mode
\l__kernel_color_stack_int=\count308
\l__pdf_internal_box=\box96
))
Package: xparse 2019-10-11 L3 Experimental document command parser
\l__xparse_current_arg_int=\count309
\g__xparse_grabber_int=\count310
\l__xparse_m_args_int=\count311
\l__xparse_v_nesting_int=\count312
) (/usr/share/texmf-dist/tex/latex/oberdiek/zref-abspage.sty
Package: zref-abspage 2018/11/21 v2.27 Module abspage for zref (HO)
 (/usr/share/texmf-dist/tex/latex/oberdiek/zref-base.sty
Package: zref-base 2018/11/21 v2.27 Module base for zref (HO)
 (/usr/share/texmf-dist/tex/generic/oberdiek/kvdefinekeys.sty
Package: kvdefinekeys 2016/05/16 v1.4 Define keys (HO)
) (/usr/share/texmf-dist/tex/generic/oberdiek/pdftexcmds.sty
Package: pdftexcmds 2019/07/25 v0.30 Utility functions of pdfTeX for LuaTeX (HO)
Package pdftexcmds Info: LuaTeX not detected.
Package pdftexcmds Info: \pdf@primitive is available.
Package pdftexcmds Info: \pdf@ifprimitive is available.
Package pdftexcmds Info: \pdfdraftmode found.
) (/usr/share/texmf-dist/tex/latex/oberdiek/auxhook.sty
Package: auxhook 2016/05/16 v1.4 Hooks for auxiliary files (HO)
)
Package zref Info: New property list: main on input line 759.
Package zref Info: New property: default on input line 760.
Package zref Info: New property: page on input line 761.
)
\c@abspage=\count313
Package zref Info: New property: abspage on input line 62.
) (/usr/share/texmf-dist/tex/latex/needspace/needspace.sty
Package: needspace 2010/09/12 v1.3d reserve vertical space
)
\mdf@templength=\skip68
\c@mdf@globalstyle@cnt=\count314
\mdf@skipabove@length=\skip69
\mdf@skipbelow@length=\skip70
\mdf@leftmargin@length=\skip71
\mdf@rightmargin@length=\skip72
\mdf@innerleftmargin@length=\skip73
\mdf@innerrightmargin@length=\skip74
\mdf@innertopmargin@length=\skip75
\mdf@innerbottommargin@length=\skip76
\mdf@splittopskip@length=\skip77
\mdf@splitbottomskip@length=\skip78
\mdf@outermargin@length=\skip79
\mdf@innermargin@length=\skip80
\mdf@linewidth@length=\skip81
\mdf@innerlinewidth@length=\skip82
\mdf@middlelinewidth@length=\skip83
\mdf@outerlinewidth@length=\skip84
\mdf@roundcorner@length=\skip85
\mdf@footenotedistance@length=\skip86
\mdf@userdefinedwidth@length=\skip87
\mdf@needspace@length=\skip88
\mdf@frametitleaboveskip@length=\skip89
\mdf@frametitlebelowskip@length=\skip90
\mdf@frametitlerulewidth@length=\skip91
\mdf@frametitleleftmargin@length=\skip92
\mdf@frametitlerightmargin@length=\skip93
\mdf@shadowsize@length=\skip94
\mdf@extratopheight@length=\skip95
\mdf@subtitleabovelinewidth@length=\skip96
\mdf@subtitlebelowlinewidth@length=\skip97
\mdf@subtitleaboveskip@length=\skip98
\mdf@subtitlebelowskip@length=\skip99
\mdf@subtitleinneraboveskip@length=\skip100
\mdf@subtitleinnerbelowskip@length=\skip101
\mdf@subsubtitleabovelinewidth@length=\skip102
\mdf@subsubtitlebelowlinewidth@length=\skip103
\mdf@subsubtitleaboveskip@length=\skip104
\mdf@subsubtitlebelowskip@length=\skip105
\mdf@subsubtitleinneraboveskip@length=\skip106
\mdf@subsubtitleinnerbelowskip@length=\skip107
 (/usr/share/texmf-dist/tex/latex/mdframed/md-frame-0.mdf
File: md-frame-0.mdf 2013/07/01\ 1.9b: md-frame-0
)
\mdf@frametitlebox=\box97
\mdf@footnotebox=\box98
\mdf@splitbox@one=\box99
\mdf@splitbox@two=\box100
\mdf@splitbox@save=\box101
\mdfsplitboxwidth=\skip108
\mdfsplitboxtotalwidth=\skip109
\mdfsplitboxheight=\skip110
\mdfsplitboxdepth=\skip111
\mdfsplitboxtotalheight=\skip112
\mdfframetitleboxwidth=\skip113
\mdfframetitleboxtotalwidth=\skip114
\mdfframetitleboxheight=\skip115
\mdfframetitleboxdepth=\skip116
\mdfframetitleboxtotalheight=\skip117
\mdffootnoteboxwidth=\skip118
\mdffootnoteboxtotalwidth=\skip119
\mdffootnoteboxheight=\skip120
\mdffootnoteboxdepth=\skip121
\mdffootnoteboxtotalheight=\skip122
\mdftotallinewidth=\skip123
\mdfboundingboxwidth=\skip124
\mdfboundingboxtotalwidth=\skip125
\mdfboundingboxheight=\skip126
\mdfboundingboxdepth=\skip127
\mdfboundingboxtotalheight=\skip128
\mdf@freevspace@length=\skip129
\mdf@horizontalwidthofbox@length=\skip130
\mdf@verticalmarginwhole@length=\skip131
\mdf@horizontalspaceofbox=\skip132
\mdfsubtitleheight=\skip133
\mdfsubsubtitleheight=\skip134
\c@mdfcountframes=\count315

****** mdframed patching \endmdf@trivlist

****** -- success******

\mdf@envdepth=\count316
\c@mdf@env@i=\count317
\c@mdf@env@ii=\count318
\c@mdf@zref@counter=\count319
Package zref Info: New property: mdf@pagevalue on input line 895.
) (/usr/share/texmf-dist/tex/latex/fancyvrb/fancyvrb.sty
Package: fancyvrb 2019/10/22
 Style option: `fancyvrb' v3.3 <2019/10/22> (tvz)
\FV@CodeLineNo=\count320
\FV@InFile=\read4
\FV@TabBox=\box102
\c@FancyVerbLine=\count321
\FV@StepNumber=\count322
\FV@OutFile=\write6
) (/usr/share/texmf-dist/tex/latex/outlines/outlines.sty
Package: outlines 2012/1/23 1.1 Ch. Pecheur
) (/usr/share/texmf-dist/tex/latex/hyperref/hyperref.sty
Package: hyperref 2019/09/28 v7.00a Hypertext links for LaTeX
 (/usr/share/texmf-dist/tex/generic/oberdiek/hobsub-hyperref.sty
Package: hobsub-hyperref 2016/05/16 v1.14 Bundle oberdiek, subset hyperref (HO)
 (/usr/share/texmf-dist/tex/generic/oberdiek/hobsub-generic.sty
Package: hobsub-generic 2016/05/16 v1.14 Bundle oberdiek, subset generic (HO)
Package: hobsub 2016/05/16 v1.14 Construct package bundles (HO)
Package hobsub Info: Skipping package `infwarerr' (already loaded).
Package hobsub Info: Skipping package `ltxcmds' (already loaded).
Package hobsub Info: Skipping package `ifluatex' (already loaded).
Package: ifvtex 2016/05/16 v1.6 Detect VTeX and its facilities (HO)
Package ifvtex Info: VTeX not detected.
Package: intcalc 2016/05/16 v1.2 Expandable calculations with integers (HO)
Package hobsub Info: Skipping package `ifpdf' (already loaded).
Package hobsub Info: Skipping package `etexcmds' (already loaded).
Package hobsub Info: Skipping package `kvsetkeys' (already loaded).
Package hobsub Info: Skipping package `kvdefinekeys' (already loaded).
Package hobsub Info: Skipping package `pdftexcmds' (already loaded).
Package: pdfescape 2016/05/16 v1.14 Implements pdfTeX's escape features (HO)
Package: bigintcalc 2016/05/16 v1.4 Expandable calculations on big integers (HO)
Package: bitset 2016/05/16 v1.2 Handle bit-vector datatype (HO)
Package: uniquecounter 2016/05/16 v1.3 Provide unlimited unique counter (HO)
)
Package hobsub Info: Skipping package `hobsub' (already loaded).
Package: letltxmacro 2016/05/16 v1.5 Let assignment for LaTeX macros (HO)
Package: hopatch 2016/05/16 v1.3 Wrapper for package hooks (HO)
Package: xcolor-patch 2016/05/16 xcolor patch
Package: atveryend 2016/05/16 v1.9 Hooks at the very end of document (HO)
Package hobsub Info: Skipping package `atbegshi' (already loaded).
Package: refcount 2016/05/16 v3.5 Data extraction from label references (HO)
Package: hycolor 2016/05/16 v1.8 Color options for hyperref/bookmark (HO)
) (/usr/share/texmf-dist/tex/generic/ifxetex/ifxetex.sty
Package: ifxetex 2010/09/12 v0.6 Provides ifxetex conditional
)
\@linkdim=\dimen260
\Hy@linkcounter=\count323
\Hy@pagecounter=\count324
 (/usr/share/texmf-dist/tex/latex/hyperref/pd1enc.def
File: pd1enc.def 2019/09/28 v7.00a Hyperref: PDFDocEncoding definition (HO)
Now handling font encoding PD1 ...
... no UTF-8 mapping file for font encoding PD1
)
\Hy@SavedSpaceFactor=\count325
 (/usr/share/texmf-dist/tex/latex/latexconfig/hyperref.cfg
File: hyperref.cfg 2002/06/06 v1.2 hyperref configuration of TeXLive
)
Package hyperref Info: Hyper figures OFF on input line 4540.
Package hyperref Info: Link nesting OFF on input line 4545.
Package hyperref Info: Hyper index ON on input line 4548.
Package hyperref Info: Plain pages OFF on input line 4555.
Package hyperref Info: Backreferencing OFF on input line 4560.
Package hyperref Info: Implicit mode ON; LaTeX internals redefined.
Package hyperref Info: Bookmarks ON on input line 4793.
\c@Hy@tempcnt=\count326
LaTeX Info: Redefining \url on input line 5152.
\XeTeXLinkMargin=\dimen261
\Fld@menulength=\count327
\Field@Width=\dimen262
\Fld@charsize=\dimen263
Package hyperref Info: Hyper figures OFF on input line 6423.
Package hyperref Info: Link nesting OFF on input line 6428.
Package hyperref Info: Hyper index ON on input line 6431.
Package hyperref Info: backreferencing OFF on input line 6438.
Package hyperref Info: Link coloring OFF on input line 6443.
Package hyperref Info: Link coloring with OCG OFF on input line 6448.
Package hyperref Info: PDF/A mode OFF on input line 6453.
LaTeX Info: Redefining \ref on input line 6493.
LaTeX Info: Redefining \pageref on input line 6497.
\Hy@abspage=\count328
\c@Item=\count329
\c@Hfootnote=\count330
)
Package hyperref Info: Driver (autodetected): hpdftex.
 (/usr/share/texmf-dist/tex/latex/hyperref/hpdftex.def
File: hpdftex.def 2019/09/28 v7.00a Hyperref driver for pdfTeX
\HyAnn@Count=\count331
\Fld@listcount=\count332
\c@bookmark@seq@number=\count333

(/usr/share/texmf-dist/tex/latex/oberdiek/rerunfilecheck.sty
Package: rerunfilecheck 2016/05/16 v1.8 Rerun checks for auxiliary files (HO)
Package uniquecounter Info: New unique counter `rerunfilecheck' on input line 282.
)
\Hy@SectionHShift=\skip135
) (./EngineeringJournal_CDavis.aux)
\openout1 = `EngineeringJournal_CDavis.aux'.

LaTeX Font Info:    Checking defaults for OML/cmm/m/it on input line 51.
LaTeX Font Info:    ... okay on input line 51.
LaTeX Font Info:    Checking defaults for T1/cmr/m/n on input line 51.
LaTeX Font Info:    ... okay on input line 51.
LaTeX Font Info:    Checking defaults for OT1/cmr/m/n on input line 51.
LaTeX Font Info:    ... okay on input line 51.
LaTeX Font Info:    Checking defaults for OMS/cmsy/m/n on input line 51.
LaTeX Font Info:    ... okay on input line 51.
LaTeX Font Info:    Checking defaults for OMX/cmex/m/n on input line 51.
LaTeX Font Info:    ... okay on input line 51.
LaTeX Font Info:    Checking defaults for U/cmr/m/n on input line 51.
LaTeX Font Info:    ... okay on input line 51.
LaTeX Font Info:    Checking defaults for PD1/pdf/m/n on input line 51.
LaTeX Font Info:    ... okay on input line 51.
 (/usr/share/texmf-dist/tex/context/base/mkii/supp-pdf.mkii
[Loading MPS to PDF converter (version 2006.09.02).]
\scratchcounter=\count334
\scratchdimen=\dimen264
\scratchbox=\box103
\nofMPsegments=\count335
\nofMParguments=\count336
\everyMPshowfont=\toks33
\MPscratchCnt=\count337
\MPscratchDim=\dimen265
\MPnumerator=\count338
\makeMPintoPDFobject=\count339
\everyMPtoPDFconversion=\toks34
) (/usr/share/texmf-dist/tex/latex/oberdiek/epstopdf-base.sty
Package: epstopdf-base 2016/05/15 v2.6 Base part for package epstopdf
 (/usr/share/texmf-dist/tex/latex/oberdiek/grfext.sty
Package: grfext 2016/05/16 v1.2 Manage graphics extensions (HO)
)
Package epstopdf-base Info: Redefining graphics rule for `.eps' on input line 438.
Package grfext Info: Graphics extension search list:
(grfext)             [.pdf,.png,.jpg,.mps,.jpeg,.jbig2,.jb2,.PDF,.PNG,.JPG,.JPEG,.JBIG2,.JB2,.eps]
(grfext)             \AppendGraphicsExtensions on input line 456.
 (/usr/share/texmf-dist/tex/latex/latexconfig/epstopdf-sys.cfg
File: epstopdf-sys.cfg 2010/07/13 v1.3 Configuration of (r)epstopdf for TeX Live
))
\c@lstlisting=\count340
Package caption Info: Begin \AtBeginDocument code.
Package caption Info: hyperref package is loaded.
Package caption Info: longtable package is loaded.
 (/usr/share/texmf-dist/tex/latex/caption/ltcaption.sty
Package: ltcaption 2018/08/26 v1.4a longtable captions (AR)
)
Package caption Info: wrapfig package is loaded.
Package caption Info: End \AtBeginDocument code.
\AtBeginShipoutBox=\box104
 (/usr/share/texmf-dist/tex/latex/oberdiek/pdflscape.sty
Package: pdflscape 2016/05/14 v0.11 Display of landscape pages in PDF (HO)
 (/usr/share/texmf-dist/tex/latex/graphics/lscape.sty
Package: lscape 2000/10/22 v3.01 Landscape Pages (DPC)
)
Package pdflscape Info: Auto-detected driver: pdftex on input line 81.
) ABD: EveryShipout initializing macros
Package hyperref Info: Link coloring OFF on input line 51.
 (/usr/share/texmf-dist/tex/latex/hyperref/nameref.sty
Package: nameref 2019/09/16 v2.46 Cross-referencing by name of section
 (/usr/share/texmf-dist/tex/generic/oberdiek/gettitlestring.sty
Package: gettitlestring 2016/05/16 v1.5 Cleanup title references (HO)
)
\c@section@level=\count341
)
LaTeX Info: Redefining \ref on input line 51.
LaTeX Info: Redefining \pageref on input line 51.
LaTeX Info: Redefining \nameref on input line 51.
\@outlinefile=\write7
\openout7 = `EngineeringJournal_CDavis.out'.

LaTeX Font Info:    External font `cmex10' loaded for size
(Font)              <12> on input line 56.
LaTeX Font Info:    External font `cmex10' loaded for size
(Font)              <8> on input line 56.
LaTeX Font Info:    External font `cmex10' loaded for size
(Font)              <6> on input line 56.
 [1

{/var/lib/texmf/fonts/map/pdftex/updmap/pdftex.map}]

Package hyperref Warning: old toc file detected, not used; run LaTeX again.

\tf@toc=\write8
\openout8 = `EngineeringJournal_CDavis.toc'.

pdfTeX warning (ext4): destination with the same identifier (name{page.1}) has been already used, duplicate ignored
<to be read again> 
                   \relax 
l.57 \newpage
              [1

] (./UsefulCommands/01_BasicCommands.tex [2

] [3]) [4] (./UsefulBits/01_Basics.tex [5

] [6] [7]) (./01_ConfiguringBasicRouterSettings/ConfiguringBasicRouter_CDavis.tex
Lab 1.
LaTeX Font Info:    Trying to load font information for OMS+cmr on input line 17.
(/usr/share/texmf-dist/tex/latex/base/omscmr.fd
File: omscmr.fd 2014/09/29 v2.5h Standard LaTeX font definitions
)
LaTeX Font Info:    Font shape `OMS/cmr/m/n' in size <7> not available
(Font)              Font shape `OMS/cmsy/m/n' tried instead on input line 17.
 [8

]
<01_ConfiguringBasicRouterSettings/Figures/2020-01-28-090220_966x444_scrot.png, id=62, 969.6225pt x 445.665pt>
File: 01_ConfiguringBasicRouterSettings/Figures/2020-01-28-090220_966x444_scrot.png Graphic file (type png)
<use 01_ConfiguringBasicRouterSettings/Figures/2020-01-28-090220_966x444_scrot.png>
Package pdftex.def Info: 01_ConfiguringBasicRouterSettings/Figures/2020-01-28-090220_966x444_scrot.png  used on input line 58.
(pdftex.def)             Requested size: 211.38832pt x 97.15576pt.


LaTeX Warning: Reference `netconfig1' on page 9 undefined on input line 65.

LaTeX Font Info:    External font `cmex10' loaded for size
(Font)              <7> on input line 70.
LaTeX Font Info:    External font `cmex10' loaded for size
(Font)              <5> on input line 70.
<01_ConfiguringBasicRouterSettings/Figures/2020-01-28-092436_700x276_scrot.png, id=63, 702.625pt x 277.035pt>
File: 01_ConfiguringBasicRouterSettings/Figures/2020-01-28-092436_700x276_scrot.png Graphic file (type png)
<use 01_ConfiguringBasicRouterSettings/Figures/2020-01-28-092436_700x276_scrot.png>
Package pdftex.def Info: 01_ConfiguringBasicRouterSettings/Figures/2020-01-28-092436_700x276_scrot.png  used on input line 83.
(pdftex.def)             Requested size: 210.78912pt x 83.11113pt.

Overfull \hbox (22.88998pt too wide) in paragraph at lines 83--84
 [][] 
 []


Underfull \hbox (badness 10000) in paragraph at lines 91--93

 []


LaTeX Warning: Reference `config1' on page 9 undefined on input line 95.

<01_ConfiguringBasicRouterSettings/Figures/2020-01-28-093105_710x254_scrot.png, id=64, 712.6625pt x 254.9525pt>
File: 01_ConfiguringBasicRouterSettings/Figures/2020-01-28-093105_710x254_scrot.png Graphic file (type png)
<use 01_ConfiguringBasicRouterSettings/Figures/2020-01-28-093105_710x254_scrot.png>
Package pdftex.def Info: 01_ConfiguringBasicRouterSettings/Figures/2020-01-28-093105_710x254_scrot.png  used on input line 100.
(pdftex.def)             Requested size: 171.0425pt x 61.18983pt.
<01_ConfiguringBasicRouterSettings/Figures/2020-01-28-093427_773x256_scrot.png, id=65, 775.89874pt x 256.96pt>
File: 01_ConfiguringBasicRouterSettings/Figures/2020-01-28-093427_773x256_scrot.png Graphic file (type png)
<use 01_ConfiguringBasicRouterSettings/Figures/2020-01-28-093427_773x256_scrot.png>
Package pdftex.def Info: 01_ConfiguringBasicRouterSettings/Figures/2020-01-28-093427_773x256_scrot.png  used on input line 106.
(pdftex.def)             Requested size: 186.2195pt x 61.67165pt.
[9 <./01_ConfiguringBasicRouterSettings/Figures/2020-01-28-090220_966x444_scrot.png> <./01_ConfiguringBasicRouterSettings/Figures/2020-01-28-092436_700x276_scrot.png> <./01_ConfiguringBasicRouterSettings/Figures/2020-01-28-093105_710x254_scrot.png> <./01_ConfiguringBasicRouterSettings/Figures/2020-01-28-093427_773x256_scrot.png>]
Underfull \hbox (badness 10000) in paragraph at lines 117--118

 []

Package mdframed Info: Not enough space on this page on input line 180.
[10

]
<01_ConfiguringBasicRouterSettings/Figures/2020-01-28-100133_679x351_scrot.png, id=82, 681.54625pt x 352.31625pt>
File: 01_ConfiguringBasicRouterSettings/Figures/2020-01-28-100133_679x351_scrot.png Graphic file (type png)
<use 01_ConfiguringBasicRouterSettings/Figures/2020-01-28-100133_679x351_scrot.png>
Package pdftex.def Info: 01_ConfiguringBasicRouterSettings/Figures/2020-01-28-100133_679x351_scrot.png  used on input line 218.
(pdftex.def)             Requested size: 211.38832pt x 109.27603pt.
<01_ConfiguringBasicRouterSettings/Figures/2020-01-28-100457_637x383_scrot.png, id=83, 639.38875pt x 384.43625pt>
File: 01_ConfiguringBasicRouterSettings/Figures/2020-01-28-100457_637x383_scrot.png Graphic file (type png)
<use 01_ConfiguringBasicRouterSettings/Figures/2020-01-28-100457_637x383_scrot.png>
Package pdftex.def Info: 01_ConfiguringBasicRouterSettings/Figures/2020-01-28-100457_637x383_scrot.png  used on input line 219.
(pdftex.def)             Requested size: 169.11209pt x 101.68153pt.
File: 01_ConfiguringBasicRouterSettings/Figures/2020-01-28-100457_637x383_scrot.png Graphic file (type png)
<use 01_ConfiguringBasicRouterSettings/Figures/2020-01-28-100457_637x383_scrot.png>
Package pdftex.def Info: 01_ConfiguringBasicRouterSettings/Figures/2020-01-28-100457_637x383_scrot.png  used on input line 220.
(pdftex.def)             Requested size: 169.11209pt x 101.68153pt.
 [11

 <./01_ConfiguringBasicRouterSettings/Figures/2020-01-28-100133_679x351_scrot.png> <./01_ConfiguringBasicRouterSettings/Figures/2020-01-28-100457_637x383_scrot.png>] [12]) [13] (./02_DocumentingTheNetwork/DocumentingTheNetwork_CDavis.tex
Lab 2.
[14

] [15] [16]) [17] (./03_ConfiguringIPv4andIPv6Interfaces/ConfiguringIPV4.tex
Lab 3.
[18

]
<03_ConfiguringIPv4andIPv6Interfaces/Figures/2020-01-23-133636_620x312_scrot.png, id=125, 622.325pt x 313.17pt>
File: 03_ConfiguringIPv4andIPv6Interfaces/Figures/2020-01-23-133636_620x312_scrot.png Graphic file (type png)
<use 03_ConfiguringIPv4andIPv6Interfaces/Figures/2020-01-23-133636_620x312_scrot.png>
Package pdftex.def Info: 03_ConfiguringIPv4andIPv6Interfaces/Figures/2020-01-23-133636_620x312_scrot.png  used on input line 49.
(pdftex.def)             Requested size: 211.38832pt x 106.37604pt.
<03_ConfiguringIPv4andIPv6Interfaces/Figures/2020-01-23-133858_620x324_scrot.png, id=126, 622.325pt x 325.215pt>
File: 03_ConfiguringIPv4andIPv6Interfaces/Figures/2020-01-23-133858_620x324_scrot.png Graphic file (type png)
<use 03_ConfiguringIPv4andIPv6Interfaces/Figures/2020-01-23-133858_620x324_scrot.png>
Package pdftex.def Info: 03_ConfiguringIPv4andIPv6Interfaces/Figures/2020-01-23-133858_620x324_scrot.png  used on input line 50.
(pdftex.def)             Requested size: 211.38832pt x 110.46742pt.


LaTeX Warning: Reference `Assign3' on page 19 undefined on input line 58.


LaTeX Warning: Hyper reference `Assign3PC1' on page 19 undefined on input line 58.


LaTeX Warning: Reference `sub@Assign3PC1' on page 19 undefined on input line 58.


Underfull \hbox (badness 10000) in paragraph at lines 56--60

 []


LaTeX Warning: Reference `Assign3' on page 19 undefined on input line 62.


LaTeX Warning: Hyper reference `Assign3PC2' on page 19 undefined on input line 62.


LaTeX Warning: Reference `sub@Assign3PC2' on page 19 undefined on input line 62.


Underfull \hbox (badness 10000) in paragraph at lines 61--64

 []

<03_ConfiguringIPv4andIPv6Interfaces/Figures/2020-01-23-134942_615x618_scrot.png, id=127, 617.30624pt x 620.3175pt>
File: 03_ConfiguringIPv4andIPv6Interfaces/Figures/2020-01-23-134942_615x618_scrot.png Graphic file (type png)
<use 03_ConfiguringIPv4andIPv6Interfaces/Figures/2020-01-23-134942_615x618_scrot.png>
Package pdftex.def Info: 03_ConfiguringIPv4andIPv6Interfaces/Figures/2020-01-23-134942_615x618_scrot.png  used on input line 66.
(pdftex.def)             Requested size: 211.38832pt x 212.4196pt.
<03_ConfiguringIPv4andIPv6Interfaces/Figures/2020-01-23-135023_772x380_scrot.png, id=128, 774.895pt x 381.425pt>
File: 03_ConfiguringIPv4andIPv6Interfaces/Figures/2020-01-23-135023_772x380_scrot.png Graphic file (type png)
<use 03_ConfiguringIPv4andIPv6Interfaces/Figures/2020-01-23-135023_772x380_scrot.png>
Package pdftex.def Info: 03_ConfiguringIPv4andIPv6Interfaces/Figures/2020-01-23-135023_772x380_scrot.png  used on input line 67.
(pdftex.def)             Requested size: 211.38832pt x 104.0512pt.

LaTeX Warning: Reference `connect3V4' on page 19 undefined on input line 74.


LaTeX Warning: Hyper reference `connect3V4R1' on page 19 undefined on input line 74.


LaTeX Warning: Reference `sub@connect3V4R1' on page 19 undefined on input line 74.


Underfull \hbox (badness 10000) in paragraph at lines 73--76

 []


LaTeX Warning: Reference `connect3V4' on page 19 undefined on input line 78.


LaTeX Warning: Hyper reference `connect3V4layout' on page 19 undefined on input line 78.


LaTeX Warning: Reference `sub@connect3V4layout' on page 19 undefined on input line 78.


Underfull \hbox (badness 10000) in paragraph at lines 77--80

 []

[19 <./03_ConfiguringIPv4andIPv6Interfaces/Figures/2020-01-23-133636_620x312_scrot.png> <./03_ConfiguringIPv4andIPv6Interfaces/Figures/2020-01-23-133858_620x324_scrot.png> <./03_ConfiguringIPv4andIPv6Interfaces/Figures/2020-01-23-134942_615x618_scrot.png> <./03_ConfiguringIPv4andIPv6Interfaces/Figures/2020-01-23-135023_772x380_scrot.png>]

LaTeX Warning: Reference `verify3V4' on page 20 undefined on input line 85.


LaTeX Warning: Hyper reference `verify3V4PC1' on page 20 undefined on input line 85.


LaTeX Warning: Reference `sub@verify3V4PC1' on page 20 undefined on input line 85.


LaTeX Warning: Reference `verify3V4' on page 20 undefined on input line 87.


LaTeX Warning: Hyper reference `verify3V4PC2' on page 20 undefined on input line 87.


LaTeX Warning: Reference `sub@verify3V4PC2' on page 20 undefined on input line 87.


Underfull \hbox (badness 10000) in paragraph at lines 89--90

 []

<03_ConfiguringIPv4andIPv6Interfaces/Figures/2020-01-23-135818_436x498_scrot.png, id=136, 437.635pt x 499.8675pt>
File: 03_ConfiguringIPv4andIPv6Interfaces/Figures/2020-01-23-135818_436x498_scrot.png Graphic file (type png)
<use 03_ConfiguringIPv4andIPv6Interfaces/Figures/2020-01-23-135818_436x498_scrot.png>
Package pdftex.def Info: 03_ConfiguringIPv4andIPv6Interfaces/Figures/2020-01-23-135818_436x498_scrot.png  used on input line 92.
(pdftex.def)             Requested size: 206.69334pt x 236.08948pt.
<03_ConfiguringIPv4andIPv6Interfaces/Figures/2020-01-23-135928_532x598_scrot.png, id=137, 533.995pt x 600.2425pt>
File: 03_ConfiguringIPv4andIPv6Interfaces/Figures/2020-01-23-135928_532x598_scrot.png Graphic file (type png)
<use 03_ConfiguringIPv4andIPv6Interfaces/Figures/2020-01-23-135928_532x598_scrot.png>
Package pdftex.def Info: 03_ConfiguringIPv4andIPv6Interfaces/Figures/2020-01-23-135928_532x598_scrot.png  used on input line 93.
(pdftex.def)             Requested size: 211.38832pt x 237.61066pt.
[20 <./03_ConfiguringIPv4andIPv6Interfaces/Figures/2020-01-23-135818_436x498_scrot.png> <./03_ConfiguringIPv4andIPv6Interfaces/Figures/2020-01-23-135928_532x598_scrot.png>]
<03_ConfiguringIPv4andIPv6Interfaces/Figures/2020-01-23-142638_610x182_scrot.png, id=143, 612.2875pt x 182.6825pt>
File: 03_ConfiguringIPv4andIPv6Interfaces/Figures/2020-01-23-142638_610x182_scrot.png Graphic file (type png)
<use 03_ConfiguringIPv4andIPv6Interfaces/Figures/2020-01-23-142638_610x182_scrot.png>
Package pdftex.def Info: 03_ConfiguringIPv4andIPv6Interfaces/Figures/2020-01-23-142638_610x182_scrot.png  used on input line 105.
(pdftex.def)             Requested size: 216.09045pt x 64.47223pt.
<03_ConfiguringIPv4andIPv6Interfaces/Figures/2020-01-23-142659_598x189_scrot.png, id=144, 600.2425pt x 189.70876pt>
File: 03_ConfiguringIPv4andIPv6Interfaces/Figures/2020-01-23-142659_598x189_scrot.png Graphic file (type png)
<use 03_ConfiguringIPv4andIPv6Interfaces/Figures/2020-01-23-142659_598x189_scrot.png>
Package pdftex.def Info: 03_ConfiguringIPv4andIPv6Interfaces/Figures/2020-01-23-142659_598x189_scrot.png  used on input line 106.
(pdftex.def)             Requested size: 211.38832pt x 66.8101pt.
<03_ConfiguringIPv4andIPv6Interfaces/Figures/2020-01-23-141350_617x658_scrot.png, id=145, 619.31375pt x 660.4675pt>
File: 03_ConfiguringIPv4andIPv6Interfaces/Figures/2020-01-23-141350_617x658_scrot.png Graphic file (type png)
<use 03_ConfiguringIPv4andIPv6Interfaces/Figures/2020-01-23-141350_617x658_scrot.png>
Package pdftex.def Info: 03_ConfiguringIPv4andIPv6Interfaces/Figures/2020-01-23-141350_617x658_scrot.png  used on input line 107.
(pdftex.def)             Requested size: 187.89914pt x 200.38914pt.
<03_ConfiguringIPv4andIPv6Interfaces/Figures/2020-01-23-142804_399x388_scrot.png, id=146, 400.49625pt x 389.455pt>
File: 03_ConfiguringIPv4andIPv6Interfaces/Figures/2020-01-23-142804_399x388_scrot.png Graphic file (type png)
<use 03_ConfiguringIPv4andIPv6Interfaces/Figures/2020-01-23-142804_399x388_scrot.png>
Package pdftex.def Info: 03_ConfiguringIPv4andIPv6Interfaces/Figures/2020-01-23-142804_399x388_scrot.png  used on input line 108.
(pdftex.def)             Requested size: 206.69334pt x 200.99646pt.


LaTeX Warning: Reference `config3V6' on page 21 undefined on input line 115.


LaTeX Warning: Hyper reference `config3V6PC3' on page 21 undefined on input line 115.


LaTeX Warning: Reference `sub@config3V6PC3' on page 21 undefined on input line 115.


Underfull \hbox (badness 10000) in paragraph at lines 117--118

 []


LaTeX Warning: Reference `config3V6' on page 21 undefined on input line 120.


LaTeX Warning: Hyper reference `config3V6PC4' on page 21 undefined on input line 120.


LaTeX Warning: Reference `sub@config3V6PC4' on page 21 undefined on input line 120.


Underfull \hbox (badness 10000) in paragraph at lines 122--123

 []


LaTeX Warning: Reference `config3V6' on page 21 undefined on input line 125.


LaTeX Warning: Hyper reference `config3V6R2' on page 21 undefined on input line 125.


LaTeX Warning: Reference `sub@config3V6R2' on page 21 undefined on input line 125.


Underfull \hbox (badness 10000) in paragraph at lines 127--128

 []


LaTeX Warning: Reference `config3V6' on page 21 undefined on input line 129.


LaTeX Warning: Hyper reference `config3V6layout' on page 21 undefined on input line 129.


LaTeX Warning: Reference `sub@config3V6layout' on page 21 undefined on input line 129.

[21 <./03_ConfiguringIPv4andIPv6Interfaces/Figures/2020-01-23-142638_610x182_scrot.png> <./03_ConfiguringIPv4andIPv6Interfaces/Figures/2020-01-23-142659_598x189_scrot.png> <./03_ConfiguringIPv4andIPv6Interfaces/Figures/2020-01-23-141350_617x658_scrot.png> <./03_ConfiguringIPv4andIPv6Interfaces/Figures/2020-01-23-142804_399x388_scrot.png>]
File: 03_ConfiguringIPv4andIPv6Interfaces/Figures/2020-01-23-142804_399x388_scrot.png Graphic file (type png)
<use 03_ConfiguringIPv4andIPv6Interfaces/Figures/2020-01-23-142804_399x388_scrot.png>
Package pdftex.def Info: 03_ConfiguringIPv4andIPv6Interfaces/Figures/2020-01-23-142804_399x388_scrot.png  used on input line 137.
(pdftex.def)             Requested size: 216.09045pt x 210.13617pt.
<03_ConfiguringIPv4andIPv6Interfaces/Figures/2020-01-23-142902_387x451_scrot.png, id=153, 388.45125pt x 452.69125pt>
File: 03_ConfiguringIPv4andIPv6Interfaces/Figures/2020-01-23-142902_387x451_scrot.png Graphic file (type png)
<use 03_ConfiguringIPv4andIPv6Interfaces/Figures/2020-01-23-142902_387x451_scrot.png>
Package pdftex.def Info: 03_ConfiguringIPv4andIPv6Interfaces/Figures/2020-01-23-142902_387x451_scrot.png  used on input line 138.
(pdftex.def)             Requested size: 211.38832pt x 246.3492pt.
<03_ConfiguringIPv4andIPv6Interfaces/Figures/2020-01-23-143037_1304x1378_scrot.png, id=154, 1308.89pt x 1383.1675pt>
File: 03_ConfiguringIPv4andIPv6Interfaces/Figures/2020-01-23-143037_1304x1378_scrot.png Graphic file (type png)
<use 03_ConfiguringIPv4andIPv6Interfaces/Figures/2020-01-23-143037_1304x1378_scrot.png>
Package pdftex.def Info: 03_ConfiguringIPv4andIPv6Interfaces/Figures/2020-01-23-143037_1304x1378_scrot.png  used on input line 139.
(pdftex.def)             Requested size: 211.38832pt x 223.37965pt.
<03_ConfiguringIPv4andIPv6Interfaces/Figures/2020-01-23-142952_808x429_scrot.png, id=155, 811.03pt x 430.60875pt>
File: 03_ConfiguringIPv4andIPv6Interfaces/Figures/2020-01-23-142952_808x429_scrot.png Graphic file (type png)
<use 03_ConfiguringIPv4andIPv6Interfaces/Figures/2020-01-23-142952_808x429_scrot.png>
Package pdftex.def Info: 03_ConfiguringIPv4andIPv6Interfaces/Figures/2020-01-23-142952_808x429_scrot.png  used on input line 146.
(pdftex.def)             Requested size: 324.40625pt x 172.24043pt.
 [22

 <./03_ConfiguringIPv4andIPv6Interfaces/Figures/2020-01-23-142902_387x451_scrot.png> <./03_ConfiguringIPv4andIPv6Interfaces/Figures/2020-01-23-143037_1304x1378_scrot.png>] [23 <./03_ConfiguringIPv4andIPv6Interfaces/Figures/2020-01-23-142952_808x429_scrot.png>]
File: 03_ConfiguringIPv4andIPv6Interfaces/Figures/2020-01-23-143037_1304x1378_scrot.png Graphic file (type png)
<use 03_ConfiguringIPv4andIPv6Interfaces/Figures/2020-01-23-143037_1304x1378_scrot.png>
Package pdftex.def Info: 03_ConfiguringIPv4andIPv6Interfaces/Figures/2020-01-23-143037_1304x1378_scrot.png  used on input line 157.
(pdftex.def)             Requested size: 392.67003pt x 414.95345pt.
) [24] (./UsefulCommands/02_StaticRouting.tex
LaTeX Font Info:    Font shape `OMS/cmr/m/n' in size <10> not available
(Font)              Font shape `OMS/cmsy/m/n' tried instead on input line 21.
 [25

] [26] [27] [28]) (./UsefulBits/02_StaticRouting.tex [29

]) [30] (./04_TroubleshootingStaticRoutes/TroubleshootingStaticRoutes.tex
Lab 4.
[31

]
<04_TroubleshootingStaticRoutes/Figures/2020-02-09-155109_487x295_scrot.png, id=221, 488.82625pt x 296.10625pt>
File: 04_TroubleshootingStaticRoutes/Figures/2020-02-09-155109_487x295_scrot.png Graphic file (type png)
<use 04_TroubleshootingStaticRoutes/Figures/2020-02-09-155109_487x295_scrot.png>
Package pdftex.def Info: 04_TroubleshootingStaticRoutes/Figures/2020-02-09-155109_487x295_scrot.png  used on input line 44.
(pdftex.def)             Requested size: 258.36668pt x 156.50632pt.

Overfull \hbox (13.72214pt too wide) in paragraph at lines 59--64
\OT1/cmr/m/n/10 commands [][]\OT1/cmtt/m/n/7 no ip route 172.31.1.0 255.255.255.128 172.31.1.198 []\OT1/cmr/m/n/10 and [][]\OT1/cmtt/m/n/7 no ip route 172.31.1.128 255.255.255.192 172.31.1.194 []\OT1/cmr/m/n/10 Then,
 []


LaTeX Warning: Reference `success4' on page 32 undefined on input line 69.


LaTeX Warning: Reference `success4' on page 32 undefined on input line 70.


LaTeX Warning: Hyper reference `success4ping1' on page 32 undefined on input line 70.


LaTeX Warning: Reference `sub@success4ping1' on page 32 undefined on input line 70.


LaTeX Warning: Reference `success4' on page 32 undefined on input line 71.


LaTeX Warning: Hyper reference `success4web1' on page 32 undefined on input line 71.


LaTeX Warning: Reference `sub@success4web1' on page 32 undefined on input line 71.


LaTeX Warning: Reference `success4' on page 32 undefined on input line 72.


LaTeX Warning: Hyper reference `success4web2' on page 32 undefined on input line 72.


LaTeX Warning: Reference `sub@success4web2' on page 32 undefined on input line 72.

<04_TroubleshootingStaticRoutes/Figures/2020-02-09-161308_394x212_scrot.png, id=222, 395.4775pt x 212.795pt>
File: 04_TroubleshootingStaticRoutes/Figures/2020-02-09-161308_394x212_scrot.png Graphic file (type png)
<use 04_TroubleshootingStaticRoutes/Figures/2020-02-09-161308_394x212_scrot.png>
Package pdftex.def Info: 04_TroubleshootingStaticRoutes/Figures/2020-02-09-161308_394x212_scrot.png  used on input line 78.
(pdftex.def)             Requested size: 211.38832pt x 113.74191pt.
<04_TroubleshootingStaticRoutes/Figures/2020-02-09-161510_958x493_scrot.png, id=223, 961.5925pt x 494.84875pt>
File: 04_TroubleshootingStaticRoutes/Figures/2020-02-09-161510_958x493_scrot.png Graphic file (type png)
<use 04_TroubleshootingStaticRoutes/Figures/2020-02-09-161510_958x493_scrot.png>
Package pdftex.def Info: 04_TroubleshootingStaticRoutes/Figures/2020-02-09-161510_958x493_scrot.png  used on input line 80.
(pdftex.def)             Requested size: 211.38832pt x 108.784pt.
<04_TroubleshootingStaticRoutes/Figures/2020-02-09-161602_958x493_scrot.png, id=224, 961.5925pt x 494.84875pt>
File: 04_TroubleshootingStaticRoutes/Figures/2020-02-09-161602_958x493_scrot.png Graphic file (type png)
<use 04_TroubleshootingStaticRoutes/Figures/2020-02-09-161602_958x493_scrot.png>
Package pdftex.def Info: 04_TroubleshootingStaticRoutes/Figures/2020-02-09-161602_958x493_scrot.png  used on input line 82.
(pdftex.def)             Requested size: 211.38832pt x 108.784pt.
) [32 <./04_TroubleshootingStaticRoutes/Figures/2020-02-09-155109_487x295_scrot.png>] (./05_ConfiguringIPv6StaticandDefaultRoutes/ConfiguringIPv6StaticRoutes.tex [33 <./04_TroubleshootingStaticRoutes/Figures/2020-02-09-161308_394x212_scrot.png> <./04_TroubleshootingStaticRoutes/Figures/2020-02-09-161510_958x493_scrot.png> <./04_TroubleshootingStaticRoutes/Figures/2020-02-09-161602_958x493_scrot.png>]
Lab 5.
[34

]
<05_ConfiguringIPv6StaticandDefaultRoutes/Figures/2020-02-04-104354_688x353_scrot.png, id=244, 690.58pt x 354.32375pt>
File: 05_ConfiguringIPv6StaticandDefaultRoutes/Figures/2020-02-04-104354_688x353_scrot.png Graphic file (type png)
<use 05_ConfiguringIPv6StaticandDefaultRoutes/Figures/2020-02-04-104354_688x353_scrot.png>
Package pdftex.def Info: 05_ConfiguringIPv6StaticandDefaultRoutes/Figures/2020-02-04-104354_688x353_scrot.png  used on input line 48.
(pdftex.def)             Requested size: 211.38832pt x 108.45514pt.


LaTeX Warning: Reference `Top5' on page 35 undefined on input line 54.


LaTeX Warning: Reference `Enable5V6' on page 35 undefined on input line 64.

<05_ConfiguringIPv6StaticandDefaultRoutes/Figures/2020-02-04-105919_445x88_scrot.png, id=245, 446.66875pt x 88.33pt>
File: 05_ConfiguringIPv6StaticandDefaultRoutes/Figures/2020-02-04-105919_445x88_scrot.png Graphic file (type png)
<use 05_ConfiguringIPv6StaticandDefaultRoutes/Figures/2020-02-04-105919_445x88_scrot.png>
Package pdftex.def Info: 05_ConfiguringIPv6StaticandDefaultRoutes/Figures/2020-02-04-105919_445x88_scrot.png  used on input line 67.
(pdftex.def)             Requested size: 211.38832pt x 41.80353pt.
<05_ConfiguringIPv6StaticandDefaultRoutes/Figures/2020-02-04-105934_436x85_scrot.png, id=246, 437.635pt x 85.31876pt>
File: 05_ConfiguringIPv6StaticandDefaultRoutes/Figures/2020-02-04-105934_436x85_scrot.png Graphic file (type png)
<use 05_ConfiguringIPv6StaticandDefaultRoutes/Figures/2020-02-04-105934_436x85_scrot.png>
Package pdftex.def Info: 05_ConfiguringIPv6StaticandDefaultRoutes/Figures/2020-02-04-105934_436x85_scrot.png  used on input line 68.
(pdftex.def)             Requested size: 211.38832pt x 41.2116pt.
<05_ConfiguringIPv6StaticandDefaultRoutes/Figures/2020-02-04-105906_432x163_scrot.png, id=247, 433.62pt x 163.61125pt>
File: 05_ConfiguringIPv6StaticandDefaultRoutes/Figures/2020-02-04-105906_432x163_scrot.png Graphic file (type png)
<use 05_ConfiguringIPv6StaticandDefaultRoutes/Figures/2020-02-04-105906_432x163_scrot.png>
Package pdftex.def Info: 05_ConfiguringIPv6StaticandDefaultRoutes/Figures/2020-02-04-105906_432x163_scrot.png  used on input line 69.
(pdftex.def)             Requested size: 211.38832pt x 79.76077pt.
[35 <./05_ConfiguringIPv6StaticandDefaultRoutes/Figures/2020-02-04-104354_688x353_scrot.png> <./05_ConfiguringIPv6StaticandDefaultRoutes/Figures/2020-02-04-105919_445x88_scrot.png> <./05_ConfiguringIPv6StaticandDefaultRoutes/Figures/2020-02-04-105934_436x85_scrot.png> <./05_ConfiguringIPv6StaticandDefaultRoutes/Figures/2020-02-04-105906_432x163_scrot.png>]

LaTeX Warning: Reference `IPv6Rman5' on page 36 undefined on input line 78.

<05_ConfiguringIPv6StaticandDefaultRoutes/Figures/2020-02-05-133704_414x265_scrot.png, id=257, 415.5525pt x 265.99374pt>
File: 05_ConfiguringIPv6StaticandDefaultRoutes/Figures/2020-02-05-133704_414x265_scrot.png Graphic file (type png)
<use 05_ConfiguringIPv6StaticandDefaultRoutes/Figures/2020-02-05-133704_414x265_scrot.png>
Package pdftex.def Info: 05_ConfiguringIPv6StaticandDefaultRoutes/Figures/2020-02-05-133704_414x265_scrot.png  used on input line 82.
(pdftex.def)             Requested size: 187.89914pt x 120.27242pt.
<05_ConfiguringIPv6StaticandDefaultRoutes/Figures/2020-02-05-134344_532x284_scrot.png, id=258, 533.995pt x 285.065pt>
File: 05_ConfiguringIPv6StaticandDefaultRoutes/Figures/2020-02-05-134344_532x284_scrot.png Graphic file (type png)
<use 05_ConfiguringIPv6StaticandDefaultRoutes/Figures/2020-02-05-134344_532x284_scrot.png>
Package pdftex.def Info: 05_ConfiguringIPv6StaticandDefaultRoutes/Figures/2020-02-05-134344_532x284_scrot.png  used on input line 84.
(pdftex.def)             Requested size: 216.09045pt x 115.355pt.
<05_ConfiguringIPv6StaticandDefaultRoutes/Figures/2020-02-05-134521_447x103_scrot.png, id=259, 448.67625pt x 103.38625pt>
File: 05_ConfiguringIPv6StaticandDefaultRoutes/Figures/2020-02-05-134521_447x103_scrot.png Graphic file (type png)
<use 05_ConfiguringIPv6StaticandDefaultRoutes/Figures/2020-02-05-134521_447x103_scrot.png>
Package pdftex.def Info: 05_ConfiguringIPv6StaticandDefaultRoutes/Figures/2020-02-05-134521_447x103_scrot.png  used on input line 86.
(pdftex.def)             Requested size: 211.38832pt x 48.70827pt.
[36

 <./05_ConfiguringIPv6StaticandDefaultRoutes/Figures/2020-02-05-133704_414x265_scrot.png> <./05_ConfiguringIPv6StaticandDefaultRoutes/Figures/2020-02-05-134344_532x284_scrot.png> <./05_ConfiguringIPv6StaticandDefaultRoutes/Figures/2020-02-05-134521_447x103_scrot.png>]
<05_ConfiguringIPv6StaticandDefaultRoutes/Figures/2020-02-05-141628_537x277_scrot.png, id=266, 539.01375pt x 278.03876pt>
File: 05_ConfiguringIPv6StaticandDefaultRoutes/Figures/2020-02-05-141628_537x277_scrot.png Graphic file (type png)
<use 05_ConfiguringIPv6StaticandDefaultRoutes/Figures/2020-02-05-141628_537x277_scrot.png>
Package pdftex.def Info: 05_ConfiguringIPv6StaticandDefaultRoutes/Figures/2020-02-05-141628_537x277_scrot.png  used on input line 96.
(pdftex.def)             Requested size: 211.38832pt x 109.04135pt.
<05_ConfiguringIPv6StaticandDefaultRoutes/Figures/2020-02-05-141722_414x195_scrot.png, id=267, 415.5525pt x 195.73125pt>
File: 05_ConfiguringIPv6StaticandDefaultRoutes/Figures/2020-02-05-141722_414x195_scrot.png Graphic file (type png)
<use 05_ConfiguringIPv6StaticandDefaultRoutes/Figures/2020-02-05-141722_414x195_scrot.png>
Package pdftex.def Info: 05_ConfiguringIPv6StaticandDefaultRoutes/Figures/2020-02-05-141722_414x195_scrot.png  used on input line 98.
(pdftex.def)             Requested size: 211.38832pt x 99.56775pt.
<05_ConfiguringIPv6StaticandDefaultRoutes/Figures/2020-02-05-141748_538x289_scrot.png, id=268, 540.0175pt x 290.08376pt>
File: 05_ConfiguringIPv6StaticandDefaultRoutes/Figures/2020-02-05-141748_538x289_scrot.png Graphic file (type png)
<use 05_ConfiguringIPv6StaticandDefaultRoutes/Figures/2020-02-05-141748_538x289_scrot.png>
Package pdftex.def Info: 05_ConfiguringIPv6StaticandDefaultRoutes/Figures/2020-02-05-141748_538x289_scrot.png  used on input line 100.
(pdftex.def)             Requested size: 211.38832pt x 113.54828pt.


LaTeX Warning: Reference `IPv65ver' on page 37 undefined on input line 108.


LaTeX Warning: Hyper reference `ipv65config' on page 37 undefined on input line 108.


LaTeX Warning: Reference `sub@ipv65config' on page 37 undefined on input line 108.


LaTeX Warning: Reference `IPv65ver' on page 37 undefined on input line 113.


LaTeX Warning: Hyper reference `ipv65intbrief' on page 37 undefined on input line 113.


LaTeX Warning: Reference `sub@ipv65intbrief' on page 37 undefined on input line 113.


LaTeX Warning: Reference `IPv65ver' on page 37 undefined on input line 117.


LaTeX Warning: Hyper reference `ipv65route' on page 37 undefined on input line 117.


LaTeX Warning: Reference `sub@ipv65route' on page 37 undefined on input line 117.

[37

 <./05_ConfiguringIPv6StaticandDefaultRoutes/Figures/2020-02-05-141628_537x277_scrot.png> <./05_ConfiguringIPv6StaticandDefaultRoutes/Figures/2020-02-05-141722_414x195_scrot.png> <./05_ConfiguringIPv6StaticandDefaultRoutes/Figures/2020-02-05-141748_538x289_scrot.png>]
<05_ConfiguringIPv6StaticandDefaultRoutes/Figures/2020-02-05-141927_993x479_scrot.png, id=277, 996.72375pt x 480.79625pt>
File: 05_ConfiguringIPv6StaticandDefaultRoutes/Figures/2020-02-05-141927_993x479_scrot.png Graphic file (type png)
<use 05_ConfiguringIPv6StaticandDefaultRoutes/Figures/2020-02-05-141927_993x479_scrot.png>
Package pdftex.def Info: 05_ConfiguringIPv6StaticandDefaultRoutes/Figures/2020-02-05-141927_993x479_scrot.png  used on input line 124.
(pdftex.def)             Requested size: 249.18033pt x 120.19876pt.
) [38

 <./05_ConfiguringIPv6StaticandDefaultRoutes/Figures/2020-02-05-141927_993x479_scrot.png>] (./06_ConfiguringIPv4StaticandDefaultRoutes/ConfiguringIPv4Static_DefaultRoutes_CDavis.tex
Lab 6.
[39

]

LaTeX Warning: Reference `Topo6' on page 40 undefined on input line 54.

<06_ConfiguringIPv4StaticandDefaultRoutes/Figures/2020-02-07-113805_370x422_scrot.png, id=288, 371.3875pt x 423.5825pt>
File: 06_ConfiguringIPv4StaticandDefaultRoutes/Figures/2020-02-07-113805_370x422_scrot.png Graphic file (type png)
<use 06_ConfiguringIPv4StaticandDefaultRoutes/Figures/2020-02-07-113805_370x422_scrot.png>
Package pdftex.def Info: 06_ConfiguringIPv4StaticandDefaultRoutes/Figures/2020-02-07-113805_370x422_scrot.png  used on input line 58.
(pdftex.def)             Requested size: 211.38832pt x 241.10197pt.

LaTeX Warning: Reference `NetConfig6' on page 40 undefined on input line 69.


LaTeX Warning: Hyper reference `NetConfig6PCA' on page 40 undefined on input line 69.


LaTeX Warning: Reference `sub@NetConfig6PCA' on page 40 undefined on input line 69.


LaTeX Warning: Reference `NetConfig6' on page 40 undefined on input line 70.


LaTeX Warning: Hyper reference `NetConfig6PCB' on page 40 undefined on input line 70.


LaTeX Warning: Reference `sub@NetConfig6PCB' on page 40 undefined on input line 70.


LaTeX Warning: Reference `NetConfig6' on page 40 undefined on input line 70.


LaTeX Warning: Reference `NetConfig6' on page 40 undefined on input line 79.


LaTeX Warning: Hyper reference `NetConfig6R3' on page 40 undefined on input line 79.


LaTeX Warning: Reference `sub@NetConfig6R3' on page 40 undefined on input line 79.


LaTeX Warning: Reference `NetConfig6' on page 40 undefined on input line 80.


LaTeX Warning: Hyper reference `NetConfig6R1' on page 40 undefined on input line 80.


LaTeX Warning: Reference `sub@NetConfig6R1' on page 40 undefined on input line 80.


LaTeX Warning: Reference `NetConfig6' on page 40 undefined on input line 80.

<06_ConfiguringIPv4StaticandDefaultRoutes/Figures/2020-02-07-115624_301x155_scrot.png, id=289, 302.12875pt x 155.58125pt>
File: 06_ConfiguringIPv4StaticandDefaultRoutes/Figures/2020-02-07-115624_301x155_scrot.png Graphic file (type png)
<use 06_ConfiguringIPv4StaticandDefaultRoutes/Figures/2020-02-07-115624_301x155_scrot.png>
Package pdftex.def Info: 06_ConfiguringIPv4StaticandDefaultRoutes/Figures/2020-02-07-115624_301x155_scrot.png  used on input line 84.
(pdftex.def)             Requested size: 201.99121pt x 104.01573pt.
<06_ConfiguringIPv4StaticandDefaultRoutes/Figures/2020-02-07-115706_268x122_scrot.png, id=290, 269.005pt x 122.4575pt>
File: 06_ConfiguringIPv4StaticandDefaultRoutes/Figures/2020-02-07-115706_268x122_scrot.png Graphic file (type png)
<use 06_ConfiguringIPv4StaticandDefaultRoutes/Figures/2020-02-07-115706_268x122_scrot.png>
Package pdftex.def Info: 06_ConfiguringIPv4StaticandDefaultRoutes/Figures/2020-02-07-115706_268x122_scrot.png  used on input line 86.
(pdftex.def)             Requested size: 230.18253pt x 104.78444pt.
<06_ConfiguringIPv4StaticandDefaultRoutes/Figures/2020-02-07-115938_314x340_scrot.png, id=291, 315.1775pt x 341.275pt>
File: 06_ConfiguringIPv4StaticandDefaultRoutes/Figures/2020-02-07-115938_314x340_scrot.png Graphic file (type png)
<use 06_ConfiguringIPv4StaticandDefaultRoutes/Figures/2020-02-07-115938_314x340_scrot.png>
Package pdftex.def Info: 06_ConfiguringIPv4StaticandDefaultRoutes/Figures/2020-02-07-115938_314x340_scrot.png  used on input line 88.
(pdftex.def)             Requested size: 211.38832pt x 228.8926pt.
<06_ConfiguringIPv4StaticandDefaultRoutes/Figures/2020-02-07-115250_596x691_scrot.png, id=292, 598.235pt x 693.59125pt>
File: 06_ConfiguringIPv4StaticandDefaultRoutes/Figures/2020-02-07-115250_596x691_scrot.png Graphic file (type png)
<use 06_ConfiguringIPv4StaticandDefaultRoutes/Figures/2020-02-07-115250_596x691_scrot.png>
Package pdftex.def Info: 06_ConfiguringIPv4StaticandDefaultRoutes/Figures/2020-02-07-115250_596x691_scrot.png  used on input line 90.
(pdftex.def)             Requested size: 211.38832pt x 245.07832pt.
<06_ConfiguringIPv4StaticandDefaultRoutes/Figures/2020-02-07-115509_662x447_scrot.png, id=293, 664.4825pt x 448.67625pt>
File: 06_ConfiguringIPv4StaticandDefaultRoutes/Figures/2020-02-07-115509_662x447_scrot.png Graphic file (type png)
<use 06_ConfiguringIPv4StaticandDefaultRoutes/Figures/2020-02-07-115509_662x447_scrot.png>
Package pdftex.def Info: 06_ConfiguringIPv4StaticandDefaultRoutes/Figures/2020-02-07-115509_662x447_scrot.png  used on input line 92.
(pdftex.def)             Requested size: 230.18253pt x 155.42332pt.

LaTeX Warning: Float too large for page by 14.32535pt on input line 95.

[40 <./06_ConfiguringIPv4StaticandDefaultRoutes/Figures/2020-02-07-113805_370x422_scrot.png>] [41 <./06_ConfiguringIPv4StaticandDefaultRoutes/Figures/2020-02-07-115624_301x155_scrot.png> <./06_ConfiguringIPv4StaticandDefaultRoutes/Figures/2020-02-07-115706_268x122_scrot.png> <./06_ConfiguringIPv4StaticandDefaultRoutes/Figures/2020-02-07-115938_314x340_scrot.png> <./06_ConfiguringIPv4StaticandDefaultRoutes/Figures/2020-02-07-115250_596x691_scrot.png> <./06_ConfiguringIPv4StaticandDefaultRoutes/Figures/2020-02-07-115509_662x447_scrot.png>]

LaTeX Warning: Reference `LanConnect6' on page 42 undefined on input line 102.


LaTeX Warning: Hyper reference `LanConnect6pcA' on page 42 undefined on input line 102.


LaTeX Warning: Reference `sub@LanConnect6pcA' on page 42 undefined on input line 102.


LaTeX Warning: Reference `LanConnect6' on page 42 undefined on input line 103.


LaTeX Warning: Hyper reference `LanConnect6pcC' on page 42 undefined on input line 103.


LaTeX Warning: Reference `sub@LanConnect6pcC' on page 42 undefined on input line 103.


LaTeX Warning: Reference `LanConnect6' on page 42 undefined on input line 103.

<06_ConfiguringIPv4StaticandDefaultRoutes/Figures/2020-02-08-154606_385x251_scrot.png, id=306, 386.44376pt x 251.94125pt>
File: 06_ConfiguringIPv4StaticandDefaultRoutes/Figures/2020-02-08-154606_385x251_scrot.png Graphic file (type png)
<use 06_ConfiguringIPv4StaticandDefaultRoutes/Figures/2020-02-08-154606_385x251_scrot.png>
Package pdftex.def Info: 06_ConfiguringIPv4StaticandDefaultRoutes/Figures/2020-02-08-154606_385x251_scrot.png  used on input line 108.
(pdftex.def)             Requested size: 187.89914pt x 122.4989pt.
<06_ConfiguringIPv4StaticandDefaultRoutes/Figures/2020-02-08-154617_374x249_scrot.png, id=307, 375.4025pt x 249.93375pt>
File: 06_ConfiguringIPv4StaticandDefaultRoutes/Figures/2020-02-08-154617_374x249_scrot.png Graphic file (type png)
<use 06_ConfiguringIPv4StaticandDefaultRoutes/Figures/2020-02-08-154617_374x249_scrot.png>
Package pdftex.def Info: 06_ConfiguringIPv4StaticandDefaultRoutes/Figures/2020-02-08-154617_374x249_scrot.png  used on input line 110.
(pdftex.def)             Requested size: 187.89914pt x 125.10004pt.
<06_ConfiguringIPv4StaticandDefaultRoutes/Figures/2020-02-08-154731_476x115_scrot.png, id=308, 477.785pt x 115.43124pt>
File: 06_ConfiguringIPv4StaticandDefaultRoutes/Figures/2020-02-08-154731_476x115_scrot.png Graphic file (type png)
<use 06_ConfiguringIPv4StaticandDefaultRoutes/Figures/2020-02-08-154731_476x115_scrot.png>
Package pdftex.def Info: 06_ConfiguringIPv4StaticandDefaultRoutes/Figures/2020-02-08-154731_476x115_scrot.png  used on input line 112.
(pdftex.def)             Requested size: 211.38832pt x 51.06995pt.
[42

 <./06_ConfiguringIPv4StaticandDefaultRoutes/Figures/2020-02-08-154606_385x251_scrot.png> <./06_ConfiguringIPv4StaticandDefaultRoutes/Figures/2020-02-08-154617_374x249_scrot.png> <./06_ConfiguringIPv4StaticandDefaultRoutes/Figures/2020-02-08-154731_476x115_scrot.png>]
Overfull \hbox (25.61952pt too wide) in paragraph at lines 121--125
\OT1/cmr/bx/n/10 i) Con-fig-ure re-cur-sive static route \OT1/cmr/m/n/10 I went to R1 and en-tered the com-mand [][]\OT1/cmtt/m/n/7 ip route 192.168.1.0 255.255.255.0 10.1.1.2
 []


Overfull \hbox (143.6259pt too wide) in paragraph at lines 126--129
\OT1/cmr/m/n/10 When I run the [][]\OT1/cmtt/m/n/7 show ip route []\OT1/cmr/m/n/10 com-mand from R3 we can now see the static exit in-ter-face in the line [][]\OT1/cmtt/m/n/7 S    192.168.0.0/24 is directly connected, Serial0/0/0[]\OT1/cmr/m/n/10 . 
 []

[43

]

LaTeX Warning: Reference `verify6' on page 44 undefined on input line 159.


LaTeX Warning: Hyper reference `verify6ping1' on page 44 undefined on input line 159.


LaTeX Warning: Reference `sub@verify6ping1' on page 44 undefined on input line 159.


LaTeX Warning: Reference `verify6' on page 44 undefined on input line 160.


LaTeX Warning: Hyper reference `verify6ping2' on page 44 undefined on input line 160.


LaTeX Warning: Reference `sub@verify6ping2' on page 44 undefined on input line 160.

<06_ConfiguringIPv4StaticandDefaultRoutes/Figures/2020-02-08-171935_384x198_scrot.png, id=321, 385.44pt x 198.7425pt>
File: 06_ConfiguringIPv4StaticandDefaultRoutes/Figures/2020-02-08-171935_384x198_scrot.png Graphic file (type png)
<use 06_ConfiguringIPv4StaticandDefaultRoutes/Figures/2020-02-08-171935_384x198_scrot.png>
Package pdftex.def Info: 06_ConfiguringIPv4StaticandDefaultRoutes/Figures/2020-02-08-171935_384x198_scrot.png  used on input line 163.
(pdftex.def)             Requested size: 211.38832pt x 108.99635pt.
<06_ConfiguringIPv4StaticandDefaultRoutes/Figures/2020-02-08-171948_371x176_scrot.png, id=322, 372.39125pt x 176.66pt>
File: 06_ConfiguringIPv4StaticandDefaultRoutes/Figures/2020-02-08-171948_371x176_scrot.png Graphic file (type png)
<use 06_ConfiguringIPv4StaticandDefaultRoutes/Figures/2020-02-08-171948_371x176_scrot.png>
Package pdftex.def Info: 06_ConfiguringIPv4StaticandDefaultRoutes/Figures/2020-02-08-171948_371x176_scrot.png  used on input line 164.
(pdftex.def)             Requested size: 211.38832pt x 100.2848pt.
[44

 <./06_ConfiguringIPv4StaticandDefaultRoutes/Figures/2020-02-08-171935_384x198_scrot.png> <./06_ConfiguringIPv4StaticandDefaultRoutes/Figures/2020-02-08-171948_371x176_scrot.png>]
Overfull \hbox (15.73512pt too wide) in paragraph at lines 174--185
\OT1/cmr/m/n/10 If we added a new net-work we could run [][]\OT1/cmtt/m/n/7 ip route 192.168.3.0 255.255.255.0 s0/0/0 []ip route 192.168.3.0 255.255.255.0 10.1.1.1
 []

) [45

] (./UsefulCommands/03_DynamicRouting.tex [46

]) [47] (./UsefulBits/03_DynamicRouting.tex [48

] [49] [50] [51]) (./07_ConfiguringBasicRIPv2/ConfiguringRIPv2_CDavis.tex
Lab 7.
[52

]
<07_ConfiguringBasicRIPv2/Figures/2020-01-31-025239_663x87_scrot.png, id=377, 665.48625pt x 87.32625pt>
File: 07_ConfiguringBasicRIPv2/Figures/2020-01-31-025239_663x87_scrot.png Graphic file (type png)
<use 07_ConfiguringBasicRIPv2/Figures/2020-01-31-025239_663x87_scrot.png>
Package pdftex.def Info: 07_ConfiguringBasicRIPv2/Figures/2020-01-31-025239_663x87_scrot.png  used on input line 37.
(pdftex.def)             Requested size: 266.18977pt x 34.92987pt.
<07_ConfiguringBasicRIPv2/Figures/2020-01-31-025628_622x128_scrot.png, id=378, 624.3325pt x 128.48pt>
File: 07_ConfiguringBasicRIPv2/Figures/2020-01-31-025628_622x128_scrot.png Graphic file (type png)
<use 07_ConfiguringBasicRIPv2/Figures/2020-01-31-025628_622x128_scrot.png>
Package pdftex.def Info: 07_ConfiguringBasicRIPv2/Figures/2020-01-31-025628_622x128_scrot.png  used on input line 43.
(pdftex.def)             Requested size: 249.72858pt x 51.39108pt.


LaTeX Warning: Reference `config7a' on page 53 undefined on input line 48.


LaTeX Warning: Hyper reference `config7aNetSetR1' on page 53 undefined on input line 48.


LaTeX Warning: Reference `sub@config7aNetSetR1' on page 53 undefined on input line 48.


LaTeX Warning: Reference `config7a' on page 53 undefined on input line 51.


LaTeX Warning: Hyper reference `config7afinishR1' on page 53 undefined on input line 51.


LaTeX Warning: Reference `sub@config7afinishR1' on page 53 undefined on input line 51.

<07_ConfiguringBasicRIPv2/Figures/2020-01-31-031204_420x418_scrot.png, id=379, 421.575pt x 419.5675pt>
File: 07_ConfiguringBasicRIPv2/Figures/2020-01-31-031204_420x418_scrot.png Graphic file (type png)
<use 07_ConfiguringBasicRIPv2/Figures/2020-01-31-031204_420x418_scrot.png>
Package pdftex.def Info: 07_ConfiguringBasicRIPv2/Figures/2020-01-31-031204_420x418_scrot.png  used on input line 56.
(pdftex.def)             Requested size: 101.18005pt x 100.69824pt.
<07_ConfiguringBasicRIPv2/Figures/2020-01-31-030648_347x122_scrot.png, id=380, 348.30125pt x 122.4575pt>
File: 07_ConfiguringBasicRIPv2/Figures/2020-01-31-030648_347x122_scrot.png Graphic file (type png)
<use 07_ConfiguringBasicRIPv2/Figures/2020-01-31-030648_347x122_scrot.png>
Package pdftex.def Info: 07_ConfiguringBasicRIPv2/Figures/2020-01-31-030648_347x122_scrot.png  used on input line 62.
(pdftex.def)             Requested size: 139.31802pt x 48.98212pt.
File: 07_ConfiguringBasicRIPv2/Figures/2020-01-31-031204_420x418_scrot.png Graphic file (type png)
<use 07_ConfiguringBasicRIPv2/Figures/2020-01-31-031204_420x418_scrot.png>
Package pdftex.def Info: 07_ConfiguringBasicRIPv2/Figures/2020-01-31-031204_420x418_scrot.png  used on input line 74.
(pdftex.def)             Requested size: 101.18005pt x 100.69824pt.
<07_ConfiguringBasicRIPv2/Figures/2020-01-31-032105_438x322_scrot.png, id=381, 439.6425pt x 323.2075pt>
File: 07_ConfiguringBasicRIPv2/Figures/2020-01-31-032105_438x322_scrot.png Graphic file (type png)
<use 07_ConfiguringBasicRIPv2/Figures/2020-01-31-032105_438x322_scrot.png>
Package pdftex.def Info: 07_ConfiguringBasicRIPv2/Figures/2020-01-31-032105_438x322_scrot.png  used on input line 80.
(pdftex.def)             Requested size: 105.51634pt x 77.57138pt.
[53 <./07_ConfiguringBasicRIPv2/Figures/2020-01-31-025239_663x87_scrot.png> <./07_ConfiguringBasicRIPv2/Figures/2020-01-31-025628_622x128_scrot.png> <./07_ConfiguringBasicRIPv2/Figures/2020-01-31-031204_420x418_scrot.png> <./07_ConfiguringBasicRIPv2/Figures/2020-01-31-030648_347x122_scrot.png> <./07_ConfiguringBasicRIPv2/Figures/2020-01-31-032105_438x322_scrot.png>]
<07_ConfiguringBasicRIPv2/Figures/2020-01-31-032604_545x371_scrot.png, id=389, 547.04375pt x 372.39125pt>
File: 07_ConfiguringBasicRIPv2/Figures/2020-01-31-032604_545x371_scrot.png Graphic file (type png)
<use 07_ConfiguringBasicRIPv2/Figures/2020-01-31-032604_545x371_scrot.png>
Package pdftex.def Info: 07_ConfiguringBasicRIPv2/Figures/2020-01-31-032604_545x371_scrot.png  used on input line 94.
(pdftex.def)             Requested size: 180.525pt x 122.88948pt.
<07_ConfiguringBasicRIPv2/Figures/2020-01-31-032658_561x345_scrot.png, id=390, 563.10374pt x 346.29375pt>
File: 07_ConfiguringBasicRIPv2/Figures/2020-01-31-032658_561x345_scrot.png Graphic file (type png)
<use 07_ConfiguringBasicRIPv2/Figures/2020-01-31-032658_561x345_scrot.png>
Package pdftex.def Info: 07_ConfiguringBasicRIPv2/Figures/2020-01-31-032658_561x345_scrot.png  used on input line 100.
(pdftex.def)             Requested size: 185.8248pt x 114.27728pt.
<07_ConfiguringBasicRIPv2/Figures/2020-01-31-032725_536x324_scrot.png, id=391, 538.01pt x 325.215pt>
File: 07_ConfiguringBasicRIPv2/Figures/2020-01-31-032725_536x324_scrot.png Graphic file (type png)
<use 07_ConfiguringBasicRIPv2/Figures/2020-01-31-032725_536x324_scrot.png>
Package pdftex.def Info: 07_ConfiguringBasicRIPv2/Figures/2020-01-31-032725_536x324_scrot.png  used on input line 106.
(pdftex.def)             Requested size: 177.54384pt x 107.32127pt.
<07_ConfiguringBasicRIPv2/Figures/2020-01-31-033357_601x534_scrot.png, id=392, 603.25375pt x 536.0025pt>
File: 07_ConfiguringBasicRIPv2/Figures/2020-01-31-033357_601x534_scrot.png Graphic file (type png)
<use 07_ConfiguringBasicRIPv2/Figures/2020-01-31-033357_601x534_scrot.png>
Package pdftex.def Info: 07_ConfiguringBasicRIPv2/Figures/2020-01-31-033357_601x534_scrot.png  used on input line 118.
(pdftex.def)             Requested size: 211.14197pt x 187.60368pt.

Overfull \hbox (23.24283pt too wide) in paragraph at lines 118--119
 [][] 
 []

<07_ConfiguringBasicRIPv2/Figures/2020-01-31-033406_330x178_scrot.png, id=393, 331.2375pt x 178.6675pt>
File: 07_ConfiguringBasicRIPv2/Figures/2020-01-31-033406_330x178_scrot.png Graphic file (type png)
<use 07_ConfiguringBasicRIPv2/Figures/2020-01-31-033406_330x178_scrot.png>
Package pdftex.def Info: 07_ConfiguringBasicRIPv2/Figures/2020-01-31-033406_330x178_scrot.png  used on input line 124.
(pdftex.def)             Requested size: 158.99219pt x 85.75941pt.
) [54 <./07_ConfiguringBasicRIPv2/Figures/2020-01-31-032604_545x371_scrot.png> <./07_ConfiguringBasicRIPv2/Figures/2020-01-31-032658_561x345_scrot.png> <./07_ConfiguringBasicRIPv2/Figures/2020-01-31-032725_536x324_scrot.png> <./07_ConfiguringBasicRIPv2/Figures/2020-01-31-033357_601x534_scrot.png> <./07_ConfiguringBasicRIPv2/Figures/2020-01-31-033406_330x178_scrot.png>] (./08_ConfiguringBasicRIPv2/ConfiguringBasicRIPv2_CDavis.tex
Lab 8.
[55

]
<08_ConfiguringBasicRIPv2/Figures/2020-01-31-112732_392x603_scrot.png, id=407, 393.47pt x 605.26125pt>
File: 08_ConfiguringBasicRIPv2/Figures/2020-01-31-112732_392x603_scrot.png Graphic file (type png)
<use 08_ConfiguringBasicRIPv2/Figures/2020-01-31-112732_392x603_scrot.png>
Package pdftex.def Info: 08_ConfiguringBasicRIPv2/Figures/2020-01-31-112732_392x603_scrot.png  used on input line 59.
(pdftex.def)             Requested size: 225.4804pt x 346.84035pt.

Underfull \hbox (badness 10000) in paragraph at lines 64--68

 []


Underfull \hbox (badness 3229) in paragraph at lines 64--68
\OT1/cmr/m/n/10 fin-ished. I then placed two 2960 switches,
 []


Underfull \hbox (badness 3098) in paragraph at lines 64--68
\OT1/cmr/m/n/10 and then three end user PCs as in-structed.
 []


Underfull \hbox (badness 10000) in paragraph at lines 64--68

 []


Underfull \hbox (badness 10000) in paragraph at lines 64--68

 []


LaTeX Warning: Reference `cable8' on page 56 undefined on input line 70.


Underfull \hbox (badness 2846) in paragraph at lines 69--72
\OT1/cmr/bx/n/10 i) Ca-ble The Net-work \OT1/cmr/m/n/10 I ran the ca-bling
 []


Underfull \hbox (badness 5563) in paragraph at lines 69--72
\OT1/cmr/m/n/10 be-tween as shown in the di-a-gram Fig [],
 []


Underfull \hbox (badness 7362) in paragraph at lines 69--72
\OT1/cmr/m/n/10 con-nect-ing the cor-rect ports and in-ter-faces.
 []


Underfull \hbox (badness 10000) in paragraph at lines 69--72

 []


Underfull \hbox (badness 10000) in paragraph at lines 69--72

 []


Underfull \hbox (badness 1072) in paragraph at lines 73--76
\OT1/cmr/bx/n/10 ii) Ini-tial-ize the Router and Switch and
 []


Underfull \hbox (badness 2512) in paragraph at lines 73--76
\OT1/cmr/m/n/10 ured each of the routers and then their se-
 []


Underfull \hbox (badness 2229) in paragraph at lines 73--76
\OT1/cmr/m/n/10 rial in-ter-faces, i then con-fig-ured the switches
 []


Underfull \hbox (badness 10000) in paragraph at lines 73--76

 []


Underfull \hbox (badness 10000) in paragraph at lines 73--76

 []


LaTeX Warning: Reference `config8' on page 56 undefined on input line 79.


Underfull \hbox (badness 2293) in paragraph at lines 77--81
\OT1/cmr/bx/n/10 iii) Con-fig-ure PC IP Ad-dress-ing \OT1/cmr/m/n/10 I went
 []


Underfull \hbox (badness 1242) in paragraph at lines 77--81
\OT1/cmr/m/n/10 to the desk-top of each pc and set it up ac-
 []


Underfull \hbox (badness 1048) in paragraph at lines 77--81
\OT1/cmr/m/n/10 cord-ing to the ad-dress-ing ta-ble. See Fig [].
 []


Underfull \hbox (badness 10000) in paragraph at lines 77--81

 []


Underfull \hbox (badness 10000) in paragraph at lines 77--81

 []

<08_ConfiguringBasicRIPv2/Figures/2020-01-31-120726_336x147_scrot.png, id=408, 337.26pt x 147.55125pt>
File: 08_ConfiguringBasicRIPv2/Figures/2020-01-31-120726_336x147_scrot.png Graphic file (type png)
<use 08_ConfiguringBasicRIPv2/Figures/2020-01-31-120726_336x147_scrot.png>
Package pdftex.def Info: 08_ConfiguringBasicRIPv2/Figures/2020-01-31-120726_336x147_scrot.png  used on input line 83.
(pdftex.def)             Requested size: 140.92793pt x 61.65588pt.
<08_ConfiguringBasicRIPv2/Figures/2020-01-31-120816_305x181_scrot.png, id=409, 306.14375pt x 181.67876pt>
File: 08_ConfiguringBasicRIPv2/Figures/2020-01-31-120816_305x181_scrot.png Graphic file (type png)
<use 08_ConfiguringBasicRIPv2/Figures/2020-01-31-120816_305x181_scrot.png>
Package pdftex.def Info: 08_ConfiguringBasicRIPv2/Figures/2020-01-31-120816_305x181_scrot.png  used on input line 84.
(pdftex.def)             Requested size: 140.92793pt x 83.63144pt.
<08_ConfiguringBasicRIPv2/Figures/2020-01-31-120857_259x188_scrot.png, id=410, 259.97125pt x 188.705pt>
File: 08_ConfiguringBasicRIPv2/Figures/2020-01-31-120857_259x188_scrot.png Graphic file (type png)
<use 08_ConfiguringBasicRIPv2/Figures/2020-01-31-120857_259x188_scrot.png>
Package pdftex.def Info: 08_ConfiguringBasicRIPv2/Figures/2020-01-31-120857_259x188_scrot.png  used on input line 85.
(pdftex.def)             Requested size: 117.43875pt x 85.2447pt.
[56 <./08_ConfiguringBasicRIPv2/Figures/2020-01-31-112732_392x603_scrot.png> <./08_ConfiguringBasicRIPv2/Figures/2020-01-31-120726_336x147_scrot.png> <./08_ConfiguringBasicRIPv2/Figures/2020-01-31-120816_305x181_scrot.png> <./08_ConfiguringBasicRIPv2/Figures/2020-01-31-120857_259x188_scrot.png>]

LaTeX Warning: Reference `TestConnect8' on page 57 undefined on input line 94.

<08_ConfiguringBasicRIPv2/Figures/2020-01-31-122637_413x200_scrot.png, id=418, 414.54875pt x 200.75pt>
File: 08_ConfiguringBasicRIPv2/Figures/2020-01-31-122637_413x200_scrot.png Graphic file (type png)
<use 08_ConfiguringBasicRIPv2/Figures/2020-01-31-122637_413x200_scrot.png>
Package pdftex.def Info: 08_ConfiguringBasicRIPv2/Figures/2020-01-31-122637_413x200_scrot.png  used on input line 97.
(pdftex.def)             Requested size: 140.92793pt x 68.2449pt.
<08_ConfiguringBasicRIPv2/Figures/2020-01-31-122646_395x207_scrot.png, id=419, 396.48125pt x 207.77625pt>
File: 08_ConfiguringBasicRIPv2/Figures/2020-01-31-122646_395x207_scrot.png Graphic file (type png)
<use 08_ConfiguringBasicRIPv2/Figures/2020-01-31-122646_395x207_scrot.png>
Package pdftex.def Info: 08_ConfiguringBasicRIPv2/Figures/2020-01-31-122646_395x207_scrot.png  used on input line 98.
(pdftex.def)             Requested size: 140.92793pt x 73.8546pt.
<08_ConfiguringBasicRIPv2/Figures/2020-01-31-122653_397x215_scrot.png, id=420, 398.48875pt x 215.80624pt>
File: 08_ConfiguringBasicRIPv2/Figures/2020-01-31-122653_397x215_scrot.png Graphic file (type png)
<use 08_ConfiguringBasicRIPv2/Figures/2020-01-31-122653_397x215_scrot.png>
Package pdftex.def Info: 08_ConfiguringBasicRIPv2/Figures/2020-01-31-122653_397x215_scrot.png  used on input line 99.
(pdftex.def)             Requested size: 140.92793pt x 76.32031pt.
[57

 <./08_ConfiguringBasicRIPv2/Figures/2020-01-31-122637_413x200_scrot.png> <./08_ConfiguringBasicRIPv2/Figures/2020-01-31-122646_395x207_scrot.png> <./08_ConfiguringBasicRIPv2/Figures/2020-01-31-122653_397x215_scrot.png>]
<08_ConfiguringBasicRIPv2/Figures/2020-01-31-123200_542x269_scrot.png, id=426, 544.0325pt x 270.00874pt>
File: 08_ConfiguringBasicRIPv2/Figures/2020-01-31-123200_542x269_scrot.png Graphic file (type png)
<use 08_ConfiguringBasicRIPv2/Figures/2020-01-31-123200_542x269_scrot.png>
Package pdftex.def Info: 08_ConfiguringBasicRIPv2/Figures/2020-01-31-123200_542x269_scrot.png  used on input line 112.
(pdftex.def)             Requested size: 187.89914pt x 93.2561pt.
<08_ConfiguringBasicRIPv2/Figures/2020-01-31-123647_540x122_scrot.png, id=427, 542.025pt x 122.4575pt>
File: 08_ConfiguringBasicRIPv2/Figures/2020-01-31-123647_540x122_scrot.png Graphic file (type png)
<use 08_ConfiguringBasicRIPv2/Figures/2020-01-31-123647_540x122_scrot.png>
Package pdftex.def Info: 08_ConfiguringBasicRIPv2/Figures/2020-01-31-123647_540x122_scrot.png  used on input line 114.
(pdftex.def)             Requested size: 187.89914pt x 42.45154pt.


LaTeX Warning: Reference `ipbrief8' on page 58 undefined on input line 121.


LaTeX Warning: Hyper reference `ipbrief8a' on page 58 undefined on input line 121.


LaTeX Warning: Reference `sub@ipbrief8a' on page 58 undefined on input line 121.


Underfull \hbox (badness 10000) in paragraph at lines 119--123

 []


LaTeX Warning: Reference `ipbrief8' on page 58 undefined on input line 125.


LaTeX Warning: Hyper reference `ipbrief8b' on page 58 undefined on input line 125.


LaTeX Warning: Reference `sub@ipbrief8b' on page 58 undefined on input line 125.


Underfull \hbox (badness 10000) in paragraph at lines 124--127

 []


Underfull \hbox (badness 10000) in paragraph at lines 128--131

 []


Underfull \hbox (badness 10000) in paragraph at lines 132--135

 []


LaTeX Warning: Reference `VerifyRip8' on page 58 undefined on input line 138.


LaTeX Warning: Hyper reference `VerifyRip8a' on page 58 undefined on input line 138.


LaTeX Warning: Reference `sub@VerifyRip8a' on page 58 undefined on input line 138.


LaTeX Warning: Reference `VerifyRip8' on page 58 undefined on input line 140.


LaTeX Warning: Hyper reference `VerifyRip8b' on page 58 undefined on input line 140.


LaTeX Warning: Reference `sub@VerifyRip8b' on page 58 undefined on input line 140.


LaTeX Warning: Reference `VerifyRip8' on page 58 undefined on input line 142.


LaTeX Warning: Hyper reference `VerifyRip8c' on page 58 undefined on input line 142.


LaTeX Warning: Reference `sub@VerifyRip8c' on page 58 undefined on input line 142.

<08_ConfiguringBasicRIPv2/Figures/2020-01-31-124449_541x316_scrot.png, id=428, 543.02875pt x 317.185pt>
File: 08_ConfiguringBasicRIPv2/Figures/2020-01-31-124449_541x316_scrot.png Graphic file (type png)
<use 08_ConfiguringBasicRIPv2/Figures/2020-01-31-124449_541x316_scrot.png>
Package pdftex.def Info: 08_ConfiguringBasicRIPv2/Figures/2020-01-31-124449_541x316_scrot.png  used on input line 146.
(pdftex.def)             Requested size: 187.89914pt x 109.7532pt.
<08_ConfiguringBasicRIPv2/Figures/2020-01-31-124837_393x215_scrot.png, id=429, 394.47375pt x 215.80624pt>
File: 08_ConfiguringBasicRIPv2/Figures/2020-01-31-124837_393x215_scrot.png Graphic file (type png)
<use 08_ConfiguringBasicRIPv2/Figures/2020-01-31-124837_393x215_scrot.png>
Package pdftex.def Info: 08_ConfiguringBasicRIPv2/Figures/2020-01-31-124837_393x215_scrot.png  used on input line 148.
(pdftex.def)             Requested size: 164.41711pt x 89.94647pt.
<08_ConfiguringBasicRIPv2/Figures/2020-01-31-125003_429x186_scrot.png, id=430, 430.60875pt x 186.6975pt>
File: 08_ConfiguringBasicRIPv2/Figures/2020-01-31-125003_429x186_scrot.png Graphic file (type png)
<use 08_ConfiguringBasicRIPv2/Figures/2020-01-31-125003_429x186_scrot.png>
Package pdftex.def Info: 08_ConfiguringBasicRIPv2/Figures/2020-01-31-125003_429x186_scrot.png  used on input line 150.
(pdftex.def)             Requested size: 187.89914pt x 81.46913pt.
[58 <./08_ConfiguringBasicRIPv2/Figures/2020-01-31-123200_542x269_scrot.png> <./08_ConfiguringBasicRIPv2/Figures/2020-01-31-123647_540x122_scrot.png> <./08_ConfiguringBasicRIPv2/Figures/2020-01-31-124449_541x316_scrot.png> <./08_ConfiguringBasicRIPv2/Figures/2020-01-31-124837_393x215_scrot.png> <./08_ConfiguringBasicRIPv2/Figures/2020-01-31-125003_429x186_scrot.png>]) [59]
Package atveryend Info: Empty hook `BeforeClearDocument' on input line 172.
Package atveryend Info: Empty hook `AfterLastShipout' on input line 172.
 (./EngineeringJournal_CDavis.aux)
Package atveryend Info: Executing hook `AtVeryEndDocument' on input line 172.
Package atveryend Info: Executing hook `AtEndAfterFileList' on input line 172.


Package rerunfilecheck Warning: File `EngineeringJournal_CDavis.out' has changed.
(rerunfilecheck)                Rerun to get outlines right
(rerunfilecheck)                or use package `bookmark'.

Package rerunfilecheck Info: Checksums for `EngineeringJournal_CDavis.out':
(rerunfilecheck)             Before: <no file>
(rerunfilecheck)             After:  2CB887A39E0254D96D6780FABD37058D;859.

LaTeX Warning: There were undefined references.


LaTeX Warning: Label(s) may have changed. Rerun to get cross-references right.

 ) 
Here is how much of TeX's memory you used:
 31002 strings out of 492167
 603822 string characters out of 6131558
 651055 words of memory out of 5000000
 34700 multiletter control sequences out of 15000+600000
 539147 words of font info for 47 fonts, out of 8000000 for 9000
 1141 hyphenation exceptions out of 8191
 59i,12n,75p,854b,700s stack positions out of 5000i,500n,10000p,200000b,80000s
</usr/share/texmf-dist/fonts/type1/public/amsfonts/cm/cmbx10.pfb></usr/share/texmf-dist/fonts/type1/public/amsfonts/cm/cmbx12.pfb></usr/share/texmf-dist/fonts/type1/public/amsfonts/cm/cmbx7.pfb></usr/share/texmf-dist/fonts/type1/public/amsfonts/cm/cmr10.pfb></usr/share/texmf-dist/fonts/type1/public/amsfonts/cm/cmr12.pfb></usr/share/texmf-dist/fonts/type1/public/amsfonts/cm/cmr17.pfb></usr/share/texmf-dist/fonts/type1/public/amsfonts/cm/cmr5.pfb></usr/share/texmf-dist/fonts/type1/public/amsfonts/cm/cmr7.pfb></usr/share/texmf-dist/fonts/type1/public/amsfonts/cm/cmsy10.pfb></usr/share/texmf-dist/fonts/type1/public/amsfonts/cm/cmsy7.pfb></usr/share/texmf-dist/fonts/type1/public/amsfonts/cm/cmti12.pfb></usr/share/texmf-dist/fonts/type1/public/amsfonts/cm/cmti7.pfb></usr/share/texmf-dist/fonts/type1/public/amsfonts/cm/cmtt10.pfb></usr/share/texmf-dist/fonts/type1/public/amsfonts/cm/cmtt8.pfb>
Output written on EngineeringJournal_CDavis.pdf (60 pages, 1850092 bytes).
PDF statistics:
 526 PDF objects out of 1000 (max. 8388607)
 379 compressed objects within 4 object streams
 163 named destinations out of 1000 (max. 500000)
 348 words of extra memory for PDF output out of 10000 (max. 10000000)

